#
# There is insufficient memory for the Java Runtime Environment to continue.
# Native memory allocation (malloc) failed to allocate 1048576 bytes for AllocateHeap
# Possible reasons:
#   The system is out of physical RAM or swap space
#   The process is running with CompressedOops enabled, and the Java Heap may be blocking the growth of the native heap
# Possible solutions:
#   Reduce memory load on the system
#   Increase physical memory or swap space
#   Check if swap backing store is full
#   Decrease Java heap size (-Xmx/-Xms)
#   Decrease number of Java threads
#   Decrease Java thread stack sizes (-Xss)
#   Set larger code cache with -XX:ReservedCodeCacheSize=
#   JVM is running with Unscaled Compressed Oops mode in which the Java heap is
#     placed in the first 4GB address space. The Java Heap base address is the
#     maximum limit for the native heap growth. Please use -XX:HeapBaseMinAddress
#     to set the Java Heap base and to place the Java Heap above 4GB virtual address.
# This output file may be truncated or incomplete.
#
#  Out of Memory Error (t:/workspace/open/src/hotspot/share/memory/allocation.cpp:46), pid=1324, tid=10056
#
# JRE version:  (12.0.2+10) (build )
# Java VM: Java HotSpot(TM) 64-Bit Server VM (12.0.2+10, mixed mode, aot, sharing, tiered, compressed oops, g1 gc, windows-amd64)
# No core dump will be written. Minidumps are not enabled by default on client versions of Windows
#

---------------  S U M M A R Y ------------

Command Line: -Dfile.encoding=Cp1252 main.Screen

Host: Intel(R) Core(TM) i7-8565U CPU @ 1.80GHz, 8 cores, 7G,  Windows 10 , 64 bit Build 17763 (10.0.17763.1158)
Time: Thu Jun  4 16:59:01 2020 GMT Summer Time elapsed time: 0 seconds (0d 0h 0m 0s)

---------------  T H R E A D  ---------------

Current thread (0x00000208c27f7000):  JavaThread "Unknown thread" [_thread_in_vm, id=10056, stack(0x0000002e83b00000,0x0000002e83c00000)]

Stack: [0x0000002e83b00000,0x0000002e83c00000]
Native frames: (J=compiled Java code, j=interpreted, Vv=VM code, C=native code)
V  [jvm.dll+0x63aa2a]
V  [jvm.dll+0x78ce1e]
V  [jvm.dll+0x78e4c1]
V  [jvm.dll+0x78eb13]
V  [jvm.dll+0x2627e8]
V  [jvm.dll+0xbcabf]
V  [jvm.dll+0x2f3f29]
V  [jvm.dll+0x2ea907]
V  [jvm.dll+0x767257]
V  [jvm.dll+0x7689f5]
V  [jvm.dll+0x380059]
V  [jvm.dll+0x74b794]
V  [jvm.dll+0x3ef5cd]
V  [jvm.dll+0x3f1471]
C  [jli.dll+0x51cf]
C  [ucrtbase.dll+0x21ffa]
C  [KERNEL32.DLL+0x17974]
C  [ntdll.dll+0x6a271]


---------------  P R O C E S S  ---------------

Threads class SMR info:
_java_thread_list=0x00007ff8c84b7928, length=0, elements={
}

Java Threads: ( => current thread )

Other Threads:

[error occurred during error reporting (printing all threads), id 0xc0000005, EXCEPTION_ACCESS_VIOLATION (0xc0000005) at pc=0x00007ff8c81304c7]

VM state:not at safepoint (not fully initialized)

VM Mutex/Monitor currently owned by a thread: None


[error occurred during error reporting (printing compressed oops mode), id 0xc0000005, EXCEPTION_ACCESS_VIOLATION (0xc0000005) at pc=0x00007ff8c8148097]

GC Heap History (0 events):
No events

Deoptimization events (0 events):
No events

Classes redefined (0 events):
No events

Internal exceptions (0 events):
No events

Events (0 events):
No events


Dynamic libraries:
0x00007ff74d850000 - 0x00007ff74d85f000 	C:\Program Files\Java\jdk-12.0.2\bin\javaw.exe
0x00007ff8ff910000 - 0x00007ff8ffafd000 	C:\Windows\SYSTEM32\ntdll.dll
0x00007ff8fd4a0000 - 0x00007ff8fd553000 	C:\Windows\System32\KERNEL32.DLL
0x00007ff8fbf00000 - 0x00007ff8fc195000 	C:\Windows\System32\KERNELBASE.dll
0x00007ff8fc980000 - 0x00007ff8fca7a000 	C:\Windows\System32\ucrtbase.dll
0x00007ff8f7750000 - 0x00007ff8f7768000 	C:\Program Files\Java\jdk-12.0.2\bin\jli.dll
0x00007ff8f6320000 - 0x00007ff8f6336000 	C:\Program Files\Java\jdk-12.0.2\bin\VCRUNTIME140.dll
0x00007ff8fd560000 - 0x00007ff8fd603000 	C:\Windows\System32\ADVAPI32.dll
0x00007ff8fce80000 - 0x00007ff8fcf1e000 	C:\Windows\System32\msvcrt.dll
0x00007ff8fd3b0000 - 0x00007ff8fd44e000 	C:\Windows\System32\sechost.dll
0x00007ff8fcb30000 - 0x00007ff8fcc52000 	C:\Windows\System32\RPCRT4.dll
0x00007ff8feee0000 - 0x00007ff8ff077000 	C:\Windows\System32\USER32.dll
0x00007ff8e92e0000 - 0x00007ff8e9559000 	C:\Windows\WinSxS\amd64_microsoft.windows.common-controls_6595b64144ccf1df_6.0.17763.1217_none_de6e4304534e0ad3\COMCTL32.dll
0x00007ff8fbe60000 - 0x00007ff8fbe80000 	C:\Windows\System32\win32u.dll
0x00007ff8ff080000 - 0x00007ff8ff3ac000 	C:\Windows\System32\combase.dll
0x00007ff8fd470000 - 0x00007ff8fd499000 	C:\Windows\System32\GDI32.dll
0x00007ff8fbcc0000 - 0x00007ff8fbe59000 	C:\Windows\System32\gdi32full.dll
0x00007ff8fbe80000 - 0x00007ff8fbefe000 	C:\Windows\System32\bcryptPrimitives.dll
0x00007ff8fbc20000 - 0x00007ff8fbcc0000 	C:\Windows\System32\msvcp_win.dll
0x00007ff8f6d00000 - 0x00007ff8f6d0a000 	C:\Windows\SYSTEM32\VERSION.dll
0x00007ff8fd610000 - 0x00007ff8fd63e000 	C:\Windows\System32\IMM32.DLL
0x00007ff8ed500000 - 0x00007ff8ed5aa000 	C:\Program Files\Java\jdk-12.0.2\bin\msvcp140.dll
0x00007ff8c79e0000 - 0x00007ff8c8557000 	C:\Program Files\Java\jdk-12.0.2\bin\server\jvm.dll
0x00007ff8ff590000 - 0x00007ff8ff598000 	C:\Windows\System32\PSAPI.DLL
0x00007ff8f9200000 - 0x00007ff8f9209000 	C:\Windows\SYSTEM32\WSOCK32.dll
0x00007ff8f9a30000 - 0x00007ff8f9a54000 	C:\Windows\SYSTEM32\WINMM.dll
0x00007ff8ff520000 - 0x00007ff8ff58d000 	C:\Windows\System32\WS2_32.dll
0x00007ff8f9a00000 - 0x00007ff8f9a2d000 	C:\Windows\SYSTEM32\winmmbase.dll
0x00007ff8fb9f0000 - 0x00007ff8fba3a000 	C:\Windows\System32\cfgmgr32.dll
0x00007ff8fb960000 - 0x00007ff8fb971000 	C:\Windows\System32\kernel.appcore.dll
0x00007ff8f6300000 - 0x00007ff8f6311000 	C:\Program Files\Java\jdk-12.0.2\bin\verify.dll
0x00007ff8e7590000 - 0x00007ff8e777d000 	C:\Windows\SYSTEM32\DBGHELP.DLL
0x00007ff8e0bc0000 - 0x00007ff8e0bea000 	C:\Windows\SYSTEM32\dbgcore.DLL
0x00007ff8f6280000 - 0x00007ff8f62a6000 	C:\Program Files\Java\jdk-12.0.2\bin\java.dll
0x00007ff8f6260000 - 0x00007ff8f6277000 	C:\Program Files\Java\jdk-12.0.2\bin\zip.dll
0x00007ff8f91f0000 - 0x00007ff8f91fa000 	C:\Program Files\Java\jdk-12.0.2\bin\jimage.dll

dbghelp: loaded successfully - version: 4.0.5 - missing functions: none
symbol engine: initialized successfully - sym options: 0x614 - pdb path: .;C:\Program Files\Java\jdk-12.0.2\bin;C:\Windows\SYSTEM32;C:\Windows\WinSxS\amd64_microsoft.windows.common-controls_6595b64144ccf1df_6.0.17763.1217_none_de6e4304534e0ad3;C:\Program Files\Java\jdk-12.0.2\bin\server

VM Arguments:
jvm_args: -Dfile.encoding=Cp1252 
java_command: main.Screen
java_class_path (initial): C:\Users\alexa\eclipse-workspace\Gravity_remake\bin
Launcher Type: SUN_STANDARD

[Global flags]
     intx CICompilerCount                          = 4                                         {product} {ergonomic}
     uint G1ConcRefinementThreads                  = 8                                         {product} {ergonomic}
   size_t G1HeapRegionSize                         = 1048576                                   {product} {ergonomic}
    uintx GCDrainStackTargetSize                   = 64                                        {product} {ergonomic}
   size_t InitialHeapSize                          = 132120576                                 {product} {ergonomic}
   size_t MaxHeapSize                              = 2107637760                                {product} {ergonomic}
   size_t MinHeapDeltaBytes                        = 1048576                                   {product} {ergonomic}
    uintx NonNMethodCodeHeapSize                   = 5836300                                {pd product} {ergonomic}
    uintx NonProfiledCodeHeapSize                  = 122910970                              {pd product} {ergonomic}
    uintx ProfiledCodeHeapSize                     = 122910970                              {pd product} {ergonomic}
    uintx ReservedCodeCacheSize                    = 251658240                              {pd product} {ergonomic}
     bool SegmentedCodeCache                       = true                                      {product} {ergonomic}
     bool UseCompressedClassPointers               = true                                 {lp64_product} {ergonomic}
     bool UseCompressedOops                        = true                                 {lp64_product} {ergonomic}
     bool UseG1GC                                  = true                                      {product} {ergonomic}
     bool UseLargePagesIndividualAllocation        = false                                  {pd product} {ergonomic}

Logging:
Log output configuration:
 #0: stdout all=warning uptime,level,tags
 #1: stderr all=off uptime,level,tags

Environment Variables:
PATH=C:/Program Files/Java/jdk-12.0.2/bin/server;C:/Program Files/Java/jdk-12.0.2/bin;C:\Program Files (x86)\Common Files\Oracle\Java\javapath;C:\Windows\system32;C:\Windows;C:\Windows\System32\Wbem;C:\Windows\System32\WindowsPowerShell\v1.0\;C:\Windows\System32\OpenSSH\;C:\Program Files (x86)\NVIDIA Corporation\PhysX\Common;C:\Program Files\NVIDIA Corporation\NVIDIA NvDLISR;C:\Program Files\dotnet\;C:\Program Files\nodejs\;C:\Program Files (x86)\Yarn\bin\;C:\Program Files\PuTTY\;C:\Users\alexa\AppData\Local\Programs\Python\Python37\Scripts\;C:\Users\alexa\AppData\Local\Programs\Python\Python37\;C:\Users\alexa\AppData\Local\Microsoft\WindowsApps;C:\Users\alexa\AppData\Local\GitHubDesktop\bin;C:\Users\alexa\AppData\Local\atom\bin;C:\Users\alexa\AppData\Roaming\npm;C:\Users\alexa\AppData\Local\Programs\Microsoft VS Code\bin;C:\Users\alexa\AppData\Local\Yarn\bin;C:\Program Files (x86)\FAHClient;C:\Users\alexa\OneDrive\Desktop;
USERNAME=alexa
OS=Windows_NT
PROCESSOR_IDENTIFIER=Intel64 Family 6 Model 142 Stepping 11, GenuineIntel



---------------  S Y S T E M  ---------------

OS: Windows 10 , 64 bit Build 17763 (10.0.17763.1158)

CPU:total 8 (initial active 8) (4 cores per cpu, 2 threads per core) family 6 model 142 stepping 11, cmov, cx8, fxsr, mmx, sse, sse2, sse3, ssse3, sse4.1, sse4.2, popcnt, avx, avx2, aes, clmul, erms, 3dnowpref, lzcnt, ht, tsc, tscinvbit, bmi1, bmi2, adx, fma

Memory: 4k page, system-wide physical 8039M (564M free)
TotalPageFile size 32615M (AvailPageFile size 5M)
current process WorkingSet (physical memory assigned to process): 9M, peak: 9M
current process commit charge ("private bytes"): 13M, peak: 14M

vm_info: Java HotSpot(TM) 64-Bit Server VM (12.0.2+10) for windows-amd64 JRE (12.0.2+10), built on Jul 16 2019 01:56:17 by "mach5one" with MS VC++ 15.5 (VS2017)

END.
