#
# There is insufficient memory for the Java Runtime Environment to continue.
# Native memory allocation (malloc) failed to allocate 32744 bytes for ChunkPool::allocate
# Possible reasons:
#   The system is out of physical RAM or swap space
#   The process is running with CompressedOops enabled, and the Java Heap may be blocking the growth of the native heap
# Possible solutions:
#   Reduce memory load on the system
#   Increase physical memory or swap space
#   Check if swap backing store is full
#   Decrease Java heap size (-Xmx/-Xms)
#   Decrease number of Java threads
#   Decrease Java thread stack sizes (-Xss)
#   Set larger code cache with -XX:ReservedCodeCacheSize=
#   JVM is running with Unscaled Compressed Oops mode in which the Java heap is
#     placed in the first 4GB address space. The Java Heap base address is the
#     maximum limit for the native heap growth. Please use -XX:HeapBaseMinAddress
#     to set the Java Heap base and to place the Java Heap above 4GB virtual address.
# This output file may be truncated or incomplete.
#
#  Out of Memory Error (t:/workspace/open/src/hotspot/share/memory/arena.cpp:81), pid=23236, tid=23932
#
# JRE version: Java(TM) SE Runtime Environment (12.0.2+10) (build 12.0.2+10)
# Java VM: Java HotSpot(TM) 64-Bit Server VM (12.0.2+10, mixed mode, sharing, tiered, compressed oops, g1 gc, windows-amd64)
# No core dump will be written. Minidumps are not enabled by default on client versions of Windows
#

---------------  S U M M A R Y ------------

Command Line: -Dfile.encoding=Cp1252 main.Screen

Host: Intel(R) Core(TM) i7-8565U CPU @ 1.80GHz, 8 cores, 7G,  Windows 10 , 64 bit Build 17763 (10.0.17763.1158)
Time: Tue Jun  2 22:20:03 2020 GMT Summer Time elapsed time: 676 seconds (0d 0h 11m 16s)

---------------  T H R E A D  ---------------

Current thread (0x000001eceae63800):  VMThread "VM Thread" [stack: 0x0000006ffc700000,0x0000006ffc800000] [id=23932] _threads_hazard_ptr=0x000001ececead730

Stack: [0x0000006ffc700000,0x0000006ffc800000]
[error occurred during error reporting (printing stack bounds), id 0xc0000005, EXCEPTION_ACCESS_VIOLATION (0xc0000005) at pc=0x000001ecd4620bad]

Native frames: (J=compiled Java code, j=interpreted, Vv=VM code, C=native code)
V  [jvm.dll+0x63aa2a]
V  [jvm.dll+0x78ce1e]
V  [jvm.dll+0x78e4c1]
V  [jvm.dll+0x78ea75]
V  [jvm.dll+0x78ea2b]
V  [jvm.dll+0x63a134]
V  [jvm.dll+0x63a4f8]
C  [ntdll.dll+0xa479f]
C  [ntdll.dll+0x4bef]
C  [ntdll.dll+0xa350e]
C  0x000001ecd4620bad

VM_Operation (0x0000006ffd4fd0f0): BulkRevokeBias, mode: safepoint, requested by thread 0x000001ecebb3d800


---------------  P R O C E S S  ---------------

Threads class SMR info:
_java_thread_list=0x000001ececead730, length=14, elements={
0x000001eceae64800, 0x000001eceae67800, 0x000001eceb783800, 0x000001eceb785800,
0x000001eceb788000, 0x000001eceb78e800, 0x000001eceb78f800, 0x000001eceb8ef800,
0x000001eceb8ec000, 0x000001ecebb1d000, 0x000001ecebb35000, 0x000001ecebb3d800,
0x000001ececeb3800, 0x000001eccc21b000
}

Java Threads: ( => current thread )
  0x000001eceae64800 JavaThread "Reference Handler" daemon [_thread_blocked, id=18712, stack(0x0000006ffc800000,0x0000006ffc900000)]
  0x000001eceae67800 JavaThread "Finalizer" daemon [_thread_blocked, id=7388, stack(0x0000006ffc900000,0x0000006ffca00000)]
  0x000001eceb783800 JavaThread "Signal Dispatcher" daemon [_thread_blocked, id=21572, stack(0x0000006ffca00000,0x0000006ffcb00000)]
  0x000001eceb785800 JavaThread "Attach Listener" daemon [_thread_blocked, id=24176, stack(0x0000006ffcb00000,0x0000006ffcc00000)]
  0x000001eceb788000 JavaThread "C2 CompilerThread0" daemon [_thread_blocked, id=21132, stack(0x0000006ffcc00000,0x0000006ffcd00000)]
  0x000001eceb78e800 JavaThread "C1 CompilerThread0" daemon [_thread_blocked, id=24164, stack(0x0000006ffcd00000,0x0000006ffce00000)]
  0x000001eceb78f800 JavaThread "Sweeper thread" daemon [_thread_blocked, id=24344, stack(0x0000006ffce00000,0x0000006ffcf00000)]
  0x000001eceb8ef800 JavaThread "Service Thread" daemon [_thread_blocked, id=24360, stack(0x0000006ffcf00000,0x0000006ffd000000)]
  0x000001eceb8ec000 JavaThread "Common-Cleaner" daemon [_thread_blocked, id=23356, stack(0x0000006ffd100000,0x0000006ffd200000)]
  0x000001ecebb1d000 JavaThread "Java2D Disposer" daemon [_thread_blocked, id=23052, stack(0x0000006ffd200000,0x0000006ffd300000)]
  0x000001ecebb35000 JavaThread "AWT-Shutdown" [_thread_blocked, id=24180, stack(0x0000006ffd300000,0x0000006ffd400000)]
  0x000001ecebb3d800 JavaThread "AWT-Windows" daemon [_thread_blocked, id=24060, stack(0x0000006ffd400000,0x0000006ffd500000)]
  0x000001ececeb3800 JavaThread "AWT-EventQueue-0" [_thread_blocked, id=23460, stack(0x0000006ffd500000,0x0000006ffd600000)]
  0x000001eccc21b000 JavaThread "DestroyJavaVM" [_thread_blocked, id=20612, stack(0x0000006ffc100000,0x0000006ffc200000)]

Other Threads:
=>0x000001eceae63800 VMThread "VM Thread" [stack: 0x0000006ffc700000,0x0000006ffc800000] [id=23932] _threads_hazard_ptr=0x000001ececead730
  0x000001eceb8da000 WatcherThread [stack: 0x0000006ffd000000,0x0000006ffd100000] [id=24280]
  0x000001eccc259800 GCTaskThread "GC Thread#0" [stack: 0x0000006ffc200000,0x0000006ffc300000] [id=23336]
  0x000001ececf1d800 GCTaskThread "GC Thread#1" [stack: 0x0000006ffd600000,0x0000006ffd700000] [id=23996]
  0x000001ececf1e000 GCTaskThread "GC Thread#2" [stack: 0x0000006ffd700000,0x0000006ffd800000] [id=24124]
  0x000001ececf1f000 GCTaskThread "GC Thread#3" [stack: 0x0000006ffd800000,0x0000006ffd900000] [id=5236]
  0x000001ececf23800 GCTaskThread "GC Thread#4" [stack: 0x0000006ffd900000,0x0000006ffda00000] [id=24120]
  0x000001ececf28000 GCTaskThread "GC Thread#5" [stack: 0x0000006ffda00000,0x0000006ffdb00000] [id=22996]
  0x000001eccc2a5800 ConcurrentGCThread "G1 Main Marker" [stack: 0x0000006ffc300000,0x0000006ffc400000] [id=17316]
  0x000001eccc2a6800 ConcurrentGCThread "G1 Conc#0" [stack: 0x0000006ffc400000,0x0000006ffc500000] [id=21292]
  0x000001eccc2ee800 ConcurrentGCThread "G1 Refine#0" [stack: 0x0000006ffc500000,0x0000006ffc600000] [id=23980]
  0x000001eceacd9000 ConcurrentGCThread "G1 Young RemSet Sampling" [stack: 0x0000006ffc600000,0x0000006ffc700000] [id=2032]

Threads with active compile tasks:
C1 CompilerThread0   849       3       java.lang.ref.ReferenceQueue::reallyPoll (65 bytes)

VM state:at safepoint (normal execution)

VM Mutex/Monitor currently owned by a thread:  ([mutex/lock_event])
[0x000001eccc216b10] Threads_lock - owner thread: 0x000001eceae63800

Heap address: 0x0000000082600000, size: 2010 MB, Compressed Oops mode: 32-bit
Narrow klass base: 0x0000000800000000, Narrow klass shift: 3
Compressed class space size: 1073741824 Address: 0x0000000801190000

Heap:
 garbage-first heap   total 129024K, used 15039K [0x0000000082600000, 0x0000000100000000)
  region size 1024K, 9 young (9216K), 2 survivors (2048K)
 Metaspace       used 6408K, capacity 6696K, committed 6784K, reserved 1056768K
  class space    used 708K, capacity 838K, committed 896K, reserved 1048576K
Heap Regions: E=young(eden), S=young(survivor), O=old, HS=humongous(starts), HC=humongous(continues), CS=collection set, F=free, A=archive, TAMS=top-at-mark-start (previous, next)
|   0|0x0000000082600000, 0x0000000082700000, 0x0000000082700000|100%|HS|  |TAMS 0x0000000082600000, 0x0000000082600000| Complete 
|   1|0x0000000082700000, 0x0000000082800000, 0x0000000082800000|100%|HC|  |TAMS 0x0000000082700000, 0x0000000082700000| Complete 
|   2|0x0000000082800000, 0x0000000082900000, 0x0000000082900000|100%|HC|  |TAMS 0x0000000082800000, 0x0000000082800000| Complete 
|   3|0x0000000082900000, 0x0000000082a00000, 0x0000000082a00000|100%|HC|  |TAMS 0x0000000082900000, 0x0000000082900000| Complete 
|   4|0x0000000082a00000, 0x0000000082b00000, 0x0000000082b00000|100%|HC|  |TAMS 0x0000000082a00000, 0x0000000082a00000| Complete 
|   5|0x0000000082b00000, 0x0000000082c00000, 0x0000000082c00000|100%|HC|  |TAMS 0x0000000082b00000, 0x0000000082b00000| Complete 
|   6|0x0000000082c00000, 0x0000000082d00000, 0x0000000082d00000|100%|HC|  |TAMS 0x0000000082c00000, 0x0000000082c00000| Complete 
|   7|0x0000000082d00000, 0x0000000082d00000, 0x0000000082e00000|  0%| F|  |TAMS 0x0000000082d00000, 0x0000000082d00000| Untracked 
|   8|0x0000000082e00000, 0x0000000082e00000, 0x0000000082f00000|  0%| F|  |TAMS 0x0000000082e00000, 0x0000000082e00000| Untracked 
|   9|0x0000000082f00000, 0x0000000082f00000, 0x0000000083000000|  0%| F|  |TAMS 0x0000000082f00000, 0x0000000082f00000| Untracked 
|  10|0x0000000083000000, 0x0000000083000000, 0x0000000083100000|  0%| F|  |TAMS 0x0000000083000000, 0x0000000083000000| Untracked 
|  11|0x0000000083100000, 0x0000000083100000, 0x0000000083200000|  0%| F|  |TAMS 0x0000000083100000, 0x0000000083100000| Untracked 
|  12|0x0000000083200000, 0x0000000083200000, 0x0000000083300000|  0%| F|  |TAMS 0x0000000083200000, 0x0000000083200000| Untracked 
|  13|0x0000000083300000, 0x0000000083300000, 0x0000000083400000|  0%| F|  |TAMS 0x0000000083300000, 0x0000000083300000| Untracked 
|  14|0x0000000083400000, 0x0000000083400000, 0x0000000083500000|  0%| F|  |TAMS 0x0000000083400000, 0x0000000083400000| Untracked 
|  15|0x0000000083500000, 0x0000000083500000, 0x0000000083600000|  0%| F|  |TAMS 0x0000000083500000, 0x0000000083500000| Untracked 
|  16|0x0000000083600000, 0x0000000083600000, 0x0000000083700000|  0%| F|  |TAMS 0x0000000083600000, 0x0000000083600000| Untracked 
|  17|0x0000000083700000, 0x0000000083700000, 0x0000000083800000|  0%| F|  |TAMS 0x0000000083700000, 0x0000000083700000| Untracked 
|  18|0x0000000083800000, 0x0000000083800000, 0x0000000083900000|  0%| F|  |TAMS 0x0000000083800000, 0x0000000083800000| Untracked 
|  19|0x0000000083900000, 0x0000000083900000, 0x0000000083a00000|  0%| F|  |TAMS 0x0000000083900000, 0x0000000083900000| Untracked 
|  20|0x0000000083a00000, 0x0000000083a00000, 0x0000000083b00000|  0%| F|  |TAMS 0x0000000083a00000, 0x0000000083a00000| Untracked 
|  21|0x0000000083b00000, 0x0000000083b00000, 0x0000000083c00000|  0%| F|  |TAMS 0x0000000083b00000, 0x0000000083b00000| Untracked 
|  22|0x0000000083c00000, 0x0000000083c00000, 0x0000000083d00000|  0%| F|  |TAMS 0x0000000083c00000, 0x0000000083c00000| Untracked 
|  23|0x0000000083d00000, 0x0000000083d00000, 0x0000000083e00000|  0%| F|  |TAMS 0x0000000083d00000, 0x0000000083d00000| Untracked 
|  24|0x0000000083e00000, 0x0000000083e00000, 0x0000000083f00000|  0%| F|  |TAMS 0x0000000083e00000, 0x0000000083e00000| Untracked 
|  25|0x0000000083f00000, 0x0000000083f00000, 0x0000000084000000|  0%| F|  |TAMS 0x0000000083f00000, 0x0000000083f00000| Untracked 
|  26|0x0000000084000000, 0x0000000084000000, 0x0000000084100000|  0%| F|  |TAMS 0x0000000084000000, 0x0000000084000000| Untracked 
|  27|0x0000000084100000, 0x0000000084100000, 0x0000000084200000|  0%| F|  |TAMS 0x0000000084100000, 0x0000000084100000| Untracked 
|  28|0x0000000084200000, 0x0000000084200000, 0x0000000084300000|  0%| F|  |TAMS 0x0000000084200000, 0x0000000084200000| Untracked 
|  29|0x0000000084300000, 0x0000000084300000, 0x0000000084400000|  0%| F|  |TAMS 0x0000000084300000, 0x0000000084300000| Untracked 
|  30|0x0000000084400000, 0x0000000084400000, 0x0000000084500000|  0%| F|  |TAMS 0x0000000084400000, 0x0000000084400000| Untracked 
|  31|0x0000000084500000, 0x0000000084500000, 0x0000000084600000|  0%| F|  |TAMS 0x0000000084500000, 0x0000000084500000| Untracked 
|  32|0x0000000084600000, 0x0000000084600000, 0x0000000084700000|  0%| F|  |TAMS 0x0000000084600000, 0x0000000084600000| Untracked 
|  33|0x0000000084700000, 0x0000000084700000, 0x0000000084800000|  0%| F|  |TAMS 0x0000000084700000, 0x0000000084700000| Untracked 
|  34|0x0000000084800000, 0x0000000084800000, 0x0000000084900000|  0%| F|  |TAMS 0x0000000084800000, 0x0000000084800000| Untracked 
|  35|0x0000000084900000, 0x0000000084900000, 0x0000000084a00000|  0%| F|  |TAMS 0x0000000084900000, 0x0000000084900000| Untracked 
|  36|0x0000000084a00000, 0x0000000084a00000, 0x0000000084b00000|  0%| F|  |TAMS 0x0000000084a00000, 0x0000000084a00000| Untracked 
|  37|0x0000000084b00000, 0x0000000084b00000, 0x0000000084c00000|  0%| F|  |TAMS 0x0000000084b00000, 0x0000000084b00000| Untracked 
|  38|0x0000000084c00000, 0x0000000084c00000, 0x0000000084d00000|  0%| F|  |TAMS 0x0000000084c00000, 0x0000000084c00000| Untracked 
|  39|0x0000000084d00000, 0x0000000084d00000, 0x0000000084e00000|  0%| F|  |TAMS 0x0000000084d00000, 0x0000000084d00000| Untracked 
|  40|0x0000000084e00000, 0x0000000084e00000, 0x0000000084f00000|  0%| F|  |TAMS 0x0000000084e00000, 0x0000000084e00000| Untracked 
|  41|0x0000000084f00000, 0x0000000084f00000, 0x0000000085000000|  0%| F|  |TAMS 0x0000000084f00000, 0x0000000084f00000| Untracked 
|  42|0x0000000085000000, 0x0000000085000000, 0x0000000085100000|  0%| F|  |TAMS 0x0000000085000000, 0x0000000085000000| Untracked 
|  43|0x0000000085100000, 0x0000000085100000, 0x0000000085200000|  0%| F|  |TAMS 0x0000000085100000, 0x0000000085100000| Untracked 
|  44|0x0000000085200000, 0x0000000085200000, 0x0000000085300000|  0%| F|  |TAMS 0x0000000085200000, 0x0000000085200000| Untracked 
|  45|0x0000000085300000, 0x0000000085300000, 0x0000000085400000|  0%| F|  |TAMS 0x0000000085300000, 0x0000000085300000| Untracked 
|  46|0x0000000085400000, 0x0000000085400000, 0x0000000085500000|  0%| F|  |TAMS 0x0000000085400000, 0x0000000085400000| Untracked 
|  47|0x0000000085500000, 0x0000000085500000, 0x0000000085600000|  0%| F|  |TAMS 0x0000000085500000, 0x0000000085500000| Untracked 
|  48|0x0000000085600000, 0x0000000085600000, 0x0000000085700000|  0%| F|  |TAMS 0x0000000085600000, 0x0000000085600000| Untracked 
|  49|0x0000000085700000, 0x0000000085700000, 0x0000000085800000|  0%| F|  |TAMS 0x0000000085700000, 0x0000000085700000| Untracked 
|  50|0x0000000085800000, 0x0000000085800000, 0x0000000085900000|  0%| F|  |TAMS 0x0000000085800000, 0x0000000085800000| Untracked 
|  51|0x0000000085900000, 0x0000000085900000, 0x0000000085a00000|  0%| F|  |TAMS 0x0000000085900000, 0x0000000085900000| Untracked 
|  52|0x0000000085a00000, 0x0000000085a00000, 0x0000000085b00000|  0%| F|  |TAMS 0x0000000085a00000, 0x0000000085a00000| Untracked 
|  53|0x0000000085b00000, 0x0000000085b00000, 0x0000000085c00000|  0%| F|  |TAMS 0x0000000085b00000, 0x0000000085b00000| Untracked 
|  54|0x0000000085c00000, 0x0000000085c00000, 0x0000000085d00000|  0%| F|  |TAMS 0x0000000085c00000, 0x0000000085c00000| Untracked 
|  55|0x0000000085d00000, 0x0000000085d00000, 0x0000000085e00000|  0%| F|  |TAMS 0x0000000085d00000, 0x0000000085d00000| Untracked 
|  56|0x0000000085e00000, 0x0000000085e00000, 0x0000000085f00000|  0%| F|  |TAMS 0x0000000085e00000, 0x0000000085e00000| Untracked 
|  57|0x0000000085f00000, 0x0000000085f00000, 0x0000000086000000|  0%| F|  |TAMS 0x0000000085f00000, 0x0000000085f00000| Untracked 
|  58|0x0000000086000000, 0x0000000086000000, 0x0000000086100000|  0%| F|  |TAMS 0x0000000086000000, 0x0000000086000000| Untracked 
|  59|0x0000000086100000, 0x0000000086100000, 0x0000000086200000|  0%| F|  |TAMS 0x0000000086100000, 0x0000000086100000| Untracked 
|  60|0x0000000086200000, 0x0000000086200000, 0x0000000086300000|  0%| F|  |TAMS 0x0000000086200000, 0x0000000086200000| Untracked 
|  61|0x0000000086300000, 0x0000000086300000, 0x0000000086400000|  0%| F|  |TAMS 0x0000000086300000, 0x0000000086300000| Untracked 
|  62|0x0000000086400000, 0x0000000086400000, 0x0000000086500000|  0%| F|  |TAMS 0x0000000086400000, 0x0000000086400000| Untracked 
|  63|0x0000000086500000, 0x0000000086500000, 0x0000000086600000|  0%| F|  |TAMS 0x0000000086500000, 0x0000000086500000| Untracked 
|  64|0x0000000086600000, 0x0000000086600000, 0x0000000086700000|  0%| F|  |TAMS 0x0000000086600000, 0x0000000086600000| Untracked 
|  65|0x0000000086700000, 0x0000000086700000, 0x0000000086800000|  0%| F|  |TAMS 0x0000000086700000, 0x0000000086700000| Untracked 
|  66|0x0000000086800000, 0x0000000086800000, 0x0000000086900000|  0%| F|  |TAMS 0x0000000086800000, 0x0000000086800000| Untracked 
|  67|0x0000000086900000, 0x0000000086900000, 0x0000000086a00000|  0%| F|  |TAMS 0x0000000086900000, 0x0000000086900000| Untracked 
|  68|0x0000000086a00000, 0x0000000086a00000, 0x0000000086b00000|  0%| F|  |TAMS 0x0000000086a00000, 0x0000000086a00000| Untracked 
|  69|0x0000000086b00000, 0x0000000086b00000, 0x0000000086c00000|  0%| F|  |TAMS 0x0000000086b00000, 0x0000000086b00000| Untracked 
|  70|0x0000000086c00000, 0x0000000086c00000, 0x0000000086d00000|  0%| F|  |TAMS 0x0000000086c00000, 0x0000000086c00000| Untracked 
|  71|0x0000000086d00000, 0x0000000086d00000, 0x0000000086e00000|  0%| F|  |TAMS 0x0000000086d00000, 0x0000000086d00000| Untracked 
|  72|0x0000000086e00000, 0x0000000086e00000, 0x0000000086f00000|  0%| F|  |TAMS 0x0000000086e00000, 0x0000000086e00000| Untracked 
|  73|0x0000000086f00000, 0x0000000086f00000, 0x0000000087000000|  0%| F|  |TAMS 0x0000000086f00000, 0x0000000086f00000| Untracked 
|  74|0x0000000087000000, 0x0000000087000000, 0x0000000087100000|  0%| F|  |TAMS 0x0000000087000000, 0x0000000087000000| Untracked 
|  75|0x0000000087100000, 0x0000000087100000, 0x0000000087200000|  0%| F|  |TAMS 0x0000000087100000, 0x0000000087100000| Untracked 
|  76|0x0000000087200000, 0x0000000087200000, 0x0000000087300000|  0%| F|  |TAMS 0x0000000087200000, 0x0000000087200000| Untracked 
|  77|0x0000000087300000, 0x0000000087300000, 0x0000000087400000|  0%| F|  |TAMS 0x0000000087300000, 0x0000000087300000| Untracked 
|  78|0x0000000087400000, 0x0000000087400000, 0x0000000087500000|  0%| F|  |TAMS 0x0000000087400000, 0x0000000087400000| Untracked 
|  79|0x0000000087500000, 0x0000000087500000, 0x0000000087600000|  0%| F|  |TAMS 0x0000000087500000, 0x0000000087500000| Untracked 
|  80|0x0000000087600000, 0x0000000087600000, 0x0000000087700000|  0%| F|  |TAMS 0x0000000087600000, 0x0000000087600000| Untracked 
|  81|0x0000000087700000, 0x0000000087700000, 0x0000000087800000|  0%| F|  |TAMS 0x0000000087700000, 0x0000000087700000| Untracked 
|  82|0x0000000087800000, 0x0000000087800000, 0x0000000087900000|  0%| F|  |TAMS 0x0000000087800000, 0x0000000087800000| Untracked 
|  83|0x0000000087900000, 0x0000000087900000, 0x0000000087a00000|  0%| F|  |TAMS 0x0000000087900000, 0x0000000087900000| Untracked 
|  84|0x0000000087a00000, 0x0000000087a00000, 0x0000000087b00000|  0%| F|  |TAMS 0x0000000087a00000, 0x0000000087a00000| Untracked 
|  85|0x0000000087b00000, 0x0000000087b00000, 0x0000000087c00000|  0%| F|  |TAMS 0x0000000087b00000, 0x0000000087b00000| Untracked 
|  86|0x0000000087c00000, 0x0000000087c00000, 0x0000000087d00000|  0%| F|  |TAMS 0x0000000087c00000, 0x0000000087c00000| Untracked 
|  87|0x0000000087d00000, 0x0000000087d00000, 0x0000000087e00000|  0%| F|  |TAMS 0x0000000087d00000, 0x0000000087d00000| Untracked 
|  88|0x0000000087e00000, 0x0000000087e00000, 0x0000000087f00000|  0%| F|  |TAMS 0x0000000087e00000, 0x0000000087e00000| Untracked 
|  89|0x0000000087f00000, 0x0000000087f00000, 0x0000000088000000|  0%| F|  |TAMS 0x0000000087f00000, 0x0000000087f00000| Untracked 
|  90|0x0000000088000000, 0x0000000088000000, 0x0000000088100000|  0%| F|  |TAMS 0x0000000088000000, 0x0000000088000000| Untracked 
|  91|0x0000000088100000, 0x0000000088100000, 0x0000000088200000|  0%| F|  |TAMS 0x0000000088100000, 0x0000000088100000| Untracked 
|  92|0x0000000088200000, 0x0000000088200000, 0x0000000088300000|  0%| F|  |TAMS 0x0000000088200000, 0x0000000088200000| Untracked 
|  93|0x0000000088300000, 0x0000000088300000, 0x0000000088400000|  0%| F|  |TAMS 0x0000000088300000, 0x0000000088300000| Untracked 
|  94|0x0000000088400000, 0x0000000088400000, 0x0000000088500000|  0%| F|  |TAMS 0x0000000088400000, 0x0000000088400000| Untracked 
|  95|0x0000000088500000, 0x0000000088500000, 0x0000000088600000|  0%| F|  |TAMS 0x0000000088500000, 0x0000000088500000| Untracked 
|  96|0x0000000088600000, 0x0000000088600000, 0x0000000088700000|  0%| F|  |TAMS 0x0000000088600000, 0x0000000088600000| Untracked 
|  97|0x0000000088700000, 0x0000000088700000, 0x0000000088800000|  0%| F|  |TAMS 0x0000000088700000, 0x0000000088700000| Untracked 
|  98|0x0000000088800000, 0x0000000088800000, 0x0000000088900000|  0%| F|  |TAMS 0x0000000088800000, 0x0000000088800000| Untracked 
|  99|0x0000000088900000, 0x0000000088900000, 0x0000000088a00000|  0%| F|  |TAMS 0x0000000088900000, 0x0000000088900000| Untracked 
| 100|0x0000000088a00000, 0x0000000088aafc68, 0x0000000088b00000| 68%| S|CS|TAMS 0x0000000088a00000, 0x0000000088a00000| Complete 
| 101|0x0000000088b00000, 0x0000000088c00000, 0x0000000088c00000|100%| S|CS|TAMS 0x0000000088b00000, 0x0000000088b00000| Complete 
| 102|0x0000000088c00000, 0x0000000088c00000, 0x0000000088d00000|  0%| F|  |TAMS 0x0000000088c00000, 0x0000000088c00000| Untracked 
| 103|0x0000000088d00000, 0x0000000088d00000, 0x0000000088e00000|  0%| F|  |TAMS 0x0000000088d00000, 0x0000000088d00000| Untracked 
| 104|0x0000000088e00000, 0x0000000088e00000, 0x0000000088f00000|  0%| F|  |TAMS 0x0000000088e00000, 0x0000000088e00000| Untracked 
| 105|0x0000000088f00000, 0x0000000088f00000, 0x0000000089000000|  0%| F|  |TAMS 0x0000000088f00000, 0x0000000088f00000| Untracked 
| 106|0x0000000089000000, 0x0000000089000000, 0x0000000089100000|  0%| F|  |TAMS 0x0000000089000000, 0x0000000089000000| Untracked 
| 107|0x0000000089100000, 0x0000000089100000, 0x0000000089200000|  0%| F|  |TAMS 0x0000000089100000, 0x0000000089100000| Untracked 
| 108|0x0000000089200000, 0x0000000089200000, 0x0000000089300000|  0%| F|  |TAMS 0x0000000089200000, 0x0000000089200000| Untracked 
| 109|0x0000000089300000, 0x0000000089300000, 0x0000000089400000|  0%| F|  |TAMS 0x0000000089300000, 0x0000000089300000| Untracked 
| 110|0x0000000089400000, 0x0000000089400000, 0x0000000089500000|  0%| F|  |TAMS 0x0000000089400000, 0x0000000089400000| Untracked 
| 111|0x0000000089500000, 0x0000000089500000, 0x0000000089600000|  0%| F|  |TAMS 0x0000000089500000, 0x0000000089500000| Untracked 
| 112|0x0000000089600000, 0x0000000089600000, 0x0000000089700000|  0%| F|  |TAMS 0x0000000089600000, 0x0000000089600000| Untracked 
| 113|0x0000000089700000, 0x0000000089700000, 0x0000000089800000|  0%| F|  |TAMS 0x0000000089700000, 0x0000000089700000| Untracked 
| 114|0x0000000089800000, 0x0000000089800000, 0x0000000089900000|  0%| F|  |TAMS 0x0000000089800000, 0x0000000089800000| Untracked 
| 115|0x0000000089900000, 0x0000000089900000, 0x0000000089a00000|  0%| F|  |TAMS 0x0000000089900000, 0x0000000089900000| Untracked 
| 116|0x0000000089a00000, 0x0000000089a00000, 0x0000000089b00000|  0%| F|  |TAMS 0x0000000089a00000, 0x0000000089a00000| Untracked 
| 117|0x0000000089b00000, 0x0000000089b00000, 0x0000000089c00000|  0%| F|  |TAMS 0x0000000089b00000, 0x0000000089b00000| Untracked 
| 118|0x0000000089c00000, 0x0000000089c00000, 0x0000000089d00000|  0%| F|  |TAMS 0x0000000089c00000, 0x0000000089c00000| Untracked 
| 119|0x0000000089d00000, 0x0000000089d80800, 0x0000000089e00000| 50%| E|  |TAMS 0x0000000089d00000, 0x0000000089d00000| Complete 
| 120|0x0000000089e00000, 0x0000000089f00000, 0x0000000089f00000|100%| E|CS|TAMS 0x0000000089e00000, 0x0000000089e00000| Complete 
| 121|0x0000000089f00000, 0x000000008a000000, 0x000000008a000000|100%| E|CS|TAMS 0x0000000089f00000, 0x0000000089f00000| Complete 
| 122|0x000000008a000000, 0x000000008a100000, 0x000000008a100000|100%| E|CS|TAMS 0x000000008a000000, 0x000000008a000000| Complete 
| 123|0x000000008a100000, 0x000000008a200000, 0x000000008a200000|100%| E|CS|TAMS 0x000000008a100000, 0x000000008a100000| Complete 
| 124|0x000000008a200000, 0x000000008a300000, 0x000000008a300000|100%| E|CS|TAMS 0x000000008a200000, 0x000000008a200000| Complete 
| 125|0x000000008a300000, 0x000000008a400000, 0x000000008a400000|100%| E|CS|TAMS 0x000000008a300000, 0x000000008a300000| Complete 

Card table byte_map: [0x000001ece3d40000,0x000001ece4130000] _byte_map_base: 0x000001ece392d000

Marking Bits (Prev, Next): (CMBitMap*) 0x000001eccc25a3e8, (CMBitMap*) 0x000001eccc25a428
 Prev Bits: [0x000001ece4520000, 0x000001ece6488000)
 Next Bits: [0x000001ece6490000, 0x000001ece83f8000)

Polling page: 0x000001ecca110000

Metaspace:

Usage:
  Non-class:      5.72 MB capacity,     5.57 MB ( 97%) used,   135.41 KB (  2%) free+waste,    22.63 KB ( <1%) overhead. 
      Class:    838.00 KB capacity,   708.06 KB ( 84%) used,   115.38 KB ( 14%) free+waste,    14.56 KB (  2%) overhead. 
       Both:      6.54 MB capacity,     6.26 MB ( 96%) used,   250.79 KB (  4%) free+waste,    37.19 KB ( <1%) overhead. 

Virtual space:
  Non-class space:        8.00 MB reserved,       5.75 MB ( 72%) committed 
      Class space:        1.00 GB reserved,     896.00 KB ( <1%) committed 
             Both:        1.01 GB reserved,       6.63 MB ( <1%) committed 

Chunk freelists:
   Non-Class:  3.75 KB
       Class:  3.25 KB
        Both:  7.00 KB

CodeHeap 'non-profiled nmethods': size=120000Kb used=224Kb max_used=224Kb free=119775Kb
 bounds [0x000001ecdc0f0000, 0x000001ecdc360000, 0x000001ece3620000]
CodeHeap 'profiled nmethods': size=120000Kb used=1454Kb max_used=1454Kb free=118545Kb
 bounds [0x000001ecd4bc0000, 0x000001ecd4e30000, 0x000001ecdc0f0000]
CodeHeap 'non-nmethods': size=5760Kb used=1187Kb max_used=1198Kb free=4572Kb
 bounds [0x000001ecd4620000, 0x000001ecd4890000, 0x000001ecd4bc0000]
 total_blobs=1479 nmethods=848 adapters=438
 compilation: enabled
              stopped_count=0, restarted_count=0
 full_count=0

Compilation events (10 events):
Event: 1.192 Thread 0x000001eceb78e800 nmethod 844 0x000001ecdc127590 code [0x000001ecdc127740, 0x000001ecdc127878]
Event: 1.194 Thread 0x000001eceb78e800  845       1       java.io.OutputStream::flush (1 bytes)
Event: 1.194 Thread 0x000001eceb78e800 nmethod 845 0x000001ecdc127910 code [0x000001ecdc127ac0, 0x000001ecdc127bf8]
Event: 1.201 Thread 0x000001eceb78e800  846       3       java.awt.Component::getBackground (29 bytes)
Event: 1.202 Thread 0x000001eceb78e800 nmethod 846 0x000001ecd4d2b510 code [0x000001ecd4d2b6e0, 0x000001ecd4d2b9f0]
Event: 1.212 Thread 0x000001eceb78e800  847       1       java.awt.Window::isShowing (5 bytes)
Event: 1.212 Thread 0x000001eceb78e800 nmethod 847 0x000001ecdc127c90 code [0x000001ecdc127e40, 0x000001ecdc127f78]
Event: 1.212 Thread 0x000001eceb78e800  848       1       java.beans.PropertyChangeEvent::getNewValue (5 bytes)
Event: 1.212 Thread 0x000001eceb78e800 nmethod 848 0x000001ecdc128010 code [0x000001ecdc1281c0, 0x000001ecdc1282f8]
Event: 676.960 Thread 0x000001eceb78e800  849       3       java.lang.ref.ReferenceQueue::reallyPoll (65 bytes)

GC Heap History (2 events):
Event: 1.020 GC heap before
{Heap before GC invocations=0 (full 0):
 garbage-first heap   total 129024K, used 31744K [0x0000000082600000, 0x0000000100000000)
  region size 1024K, 24 young (24576K), 0 survivors (0K)
 Metaspace       used 6375K, capacity 6632K, committed 6784K, reserved 1056768K
  class space    used 706K, capacity 838K, committed 896K, reserved 1048576K
}
Event: 1.023 GC heap after
{Heap after GC invocations=1 (full 0):
 garbage-first heap   total 129024K, used 8895K [0x0000000082600000, 0x0000000100000000)
  region size 1024K, 2 young (2048K), 2 survivors (2048K)
 Metaspace       used 6375K, capacity 6632K, committed 6784K, reserved 1056768K
  class space    used 706K, capacity 838K, committed 896K, reserved 1048576K
}

Deoptimization events (2 events):
Event: 0.087 Thread 0x000001eccc21b000 Uncommon trap: reason=unstable_if action=reinterpret pc=0x000001ecdc0f4c3c method=java.lang.String.hashCode()I @ 14 c2
Event: 0.140 Thread 0x000001eccc21b000 Uncommon trap: reason=range_check action=reinterpret pc=0x000001ecdc102ca8 method=java.lang.StringLatin1.indexOf([BII)I @ 13 c2

Classes redefined (0 events):
No events

Internal exceptions (10 events):
Event: 0.195 Thread 0x000001ecebb3d800 Exception <a 'java/lang/NoSuchMethodError'{0x000000008a1fbe28}: java.lang.invoke.DirectMethodHandle$Holder.invokeSpecial(Ljava/lang/Object;Ljava/lang/Object;)V> (0x000000008a1fbe28) thrown at [t:/workspace/open/src/hotspot/share/interpreter/linkResolver.c
Event: 0.198 Thread 0x000001eccc21b000 Exception <a 'java/lang/NoSuchMethodError'{0x000000008a1a9158}: java.lang.invoke.DirectMethodHandle$Holder.invokeStatic(Ljava/lang/Object;Ljava/lang/Object;Ljava/lang/Object;Ljava/lang/Object;Ljava/lang/Object;Ljava/lang/Object;Ljava/lang/Object;J)Ljava/l
Event: 0.223 Thread 0x000001eccc21b000 Exception <a 'java/lang/NoSuchMethodError'{0x000000008a0b6e88}: java.lang.invoke.DirectMethodHandle$Holder.invokeStatic(Ljava/lang/Object;ILjava/lang/Object;Ljava/lang/Object;Ljava/lang/Object;Ljava/lang/Object;)Ljava/lang/Object;> (0x000000008a0b6e88) th
Event: 0.224 Thread 0x000001eccc21b000 Exception <a 'java/lang/NoSuchMethodError'{0x000000008a0bdab8}: java.lang.invoke.DirectMethodHandle$Holder.invokeStatic(Ljava/lang/Object;ILjava/lang/Object;Ljava/lang/Object;Ljava/lang/Object;)Ljava/lang/Object;> (0x000000008a0bdab8) thrown at [t:/worksp
Event: 0.224 Thread 0x000001eccc21b000 Exception <a 'java/lang/NoSuchMethodError'{0x000000008a0c1318}: java.lang.invoke.DirectMethodHandle$Holder.invokeSpecial(Ljava/lang/Object;Ljava/lang/Object;ILjava/lang/Object;Ljava/lang/Object;Ljava/lang/Object;)Ljava/lang/Object;> (0x000000008a0c1318) t
Event: 0.226 Thread 0x000001eccc21b000 Exception <a 'java/lang/NoSuchMethodError'{0x000000008a0d7698}: java.lang.invoke.DirectMethodHandle$Holder.invokeStatic(Ljava/lang/Object;ILjava/lang/Object;)Ljava/lang/Object;> (0x000000008a0d7698) thrown at [t:/workspace/open/src/hotspot/share/interpret
Event: 0.250 Thread 0x000001eccc21b000 Exception <a 'java/lang/ClassNotFoundException'{0x0000000089f7e7a8}: com/sun/swing/internal/plaf/metal/resources/spi/metalProvider> (0x0000000089f7e7a8) thrown at [t:/workspace/open/src/hotspot/share/classfile/systemDictionary.cpp, line 235]
Event: 0.250 Thread 0x000001eccc21b000 Exception <a 'java/lang/ClassNotFoundException'{0x0000000089f82788}: com/sun/swing/internal/plaf/basic/resources/spi/basicProvider> (0x0000000089f82788) thrown at [t:/workspace/open/src/hotspot/share/classfile/systemDictionary.cpp, line 235]
Event: 0.296 Thread 0x000001eccc21b000 Exception <a 'java/lang/NoSuchMethodError'{0x0000000089fe59c8}: java.lang.invoke.DirectMethodHandle$Holder.invokeStaticInit(Ljava/lang/Object;)V> (0x0000000089fe59c8) thrown at [t:/workspace/open/src/hotspot/share/interpreter/linkResolver.cpp, line 777]
Event: 0.335 Thread 0x000001eccc21b000 Exception <a 'java/lang/NoSuchMethodError'{0x0000000089e7dcc8}: java.lang.invoke.Invokers$Holder.linkToTargetMethod(Ljava/lang/Object;ILjava/lang/Object;)Ljava/lang/Object;> (0x0000000089e7dcc8) thrown at [t:/workspace/open/src/hotspot/share/interpreter/l

Events (10 events):
Event: 676.959 Executing VM operation: RevokeBias done
Event: 676.959 Executing VM operation: RevokeBias
Event: 676.959 Executing VM operation: RevokeBias done
Event: 676.959 Executing VM operation: RevokeBias
Event: 676.959 Executing VM operation: RevokeBias done
Event: 676.960 Executing VM operation: RevokeBias
Event: 676.960 Executing VM operation: RevokeBias done
Event: 676.960 Executing VM operation: RevokeBias
Event: 676.960 Executing VM operation: RevokeBias done
Event: 676.960 Executing VM operation: BulkRevokeBias


Dynamic libraries:
0x00007ff7bc050000 - 0x00007ff7bc05f000 	C:\Program Files\Java\jdk-12.0.2\bin\javaw.exe
0x00007ff9fe3e0000 - 0x00007ff9fe5cd000 	C:\Windows\SYSTEM32\ntdll.dll
0x00007ff9fc310000 - 0x00007ff9fc3c3000 	C:\Windows\System32\KERNEL32.DLL
0x00007ff9fa700000 - 0x00007ff9fa995000 	C:\Windows\System32\KERNELBASE.dll
0x00007ff9fabe0000 - 0x00007ff9facda000 	C:\Windows\System32\ucrtbase.dll
0x00007ff9eb980000 - 0x00007ff9eb998000 	C:\Program Files\Java\jdk-12.0.2\bin\jli.dll
0x00007ff9eb960000 - 0x00007ff9eb976000 	C:\Program Files\Java\jdk-12.0.2\bin\VCRUNTIME140.dll
0x00007ff9fc090000 - 0x00007ff9fc133000 	C:\Windows\System32\ADVAPI32.dll
0x00007ff9fc3d0000 - 0x00007ff9fc46e000 	C:\Windows\System32\msvcrt.dll
0x00007ff9fb600000 - 0x00007ff9fb69e000 	C:\Windows\System32\sechost.dll
0x00007ff9fc910000 - 0x00007ff9fca32000 	C:\Windows\System32\RPCRT4.dll
0x00007ff9fc5e0000 - 0x00007ff9fc777000 	C:\Windows\System32\USER32.dll
0x00007ff9fabc0000 - 0x00007ff9fabe0000 	C:\Windows\System32\win32u.dll
0x00007ff9e7440000 - 0x00007ff9e76b9000 	C:\Windows\WinSxS\amd64_microsoft.windows.common-controls_6595b64144ccf1df_6.0.17763.1217_none_de6e4304534e0ad3\COMCTL32.dll
0x00007ff9fc780000 - 0x00007ff9fc7a9000 	C:\Windows\System32\GDI32.dll
0x00007ff9fe080000 - 0x00007ff9fe3ac000 	C:\Windows\System32\combase.dll
0x00007ff9faa20000 - 0x00007ff9fabb9000 	C:\Windows\System32\gdi32full.dll
0x00007ff9fa4a0000 - 0x00007ff9fa51e000 	C:\Windows\System32\bcryptPrimitives.dll
0x00007ff9fb560000 - 0x00007ff9fb600000 	C:\Windows\System32\msvcp_win.dll
0x00007ff9f1a40000 - 0x00007ff9f1a4a000 	C:\Windows\SYSTEM32\VERSION.dll
0x00007ff9fe050000 - 0x00007ff9fe07e000 	C:\Windows\System32\IMM32.DLL
0x00007ff9d68c0000 - 0x00007ff9d696a000 	C:\Program Files\Java\jdk-12.0.2\bin\msvcp140.dll
0x00007ff9ada80000 - 0x00007ff9ae5f7000 	C:\Program Files\Java\jdk-12.0.2\bin\server\jvm.dll
0x00007ff9fc140000 - 0x00007ff9fc148000 	C:\Windows\System32\PSAPI.DLL
0x00007ff9d13e0000 - 0x00007ff9d13e9000 	C:\Windows\SYSTEM32\WSOCK32.dll
0x00007ff9f8110000 - 0x00007ff9f8134000 	C:\Windows\SYSTEM32\WINMM.dll
0x00007ff9fbeb0000 - 0x00007ff9fbf1d000 	C:\Windows\System32\WS2_32.dll
0x00007ff9f7ff0000 - 0x00007ff9f801d000 	C:\Windows\SYSTEM32\WINMMBASE.dll
0x00007ff9fa9a0000 - 0x00007ff9fa9ea000 	C:\Windows\System32\cfgmgr32.dll
0x00007ff9fa3d0000 - 0x00007ff9fa3e1000 	C:\Windows\System32\kernel.appcore.dll
0x00007ff9ae970000 - 0x00007ff9ae981000 	C:\Program Files\Java\jdk-12.0.2\bin\verify.dll
0x00007ff9f8ca0000 - 0x00007ff9f8e8d000 	C:\Windows\SYSTEM32\DBGHELP.DLL
0x00007ff9e0fc0000 - 0x00007ff9e0fea000 	C:\Windows\SYSTEM32\dbgcore.DLL
0x00007ff9ada50000 - 0x00007ff9ada76000 	C:\Program Files\Java\jdk-12.0.2\bin\java.dll
0x00007ff9ada30000 - 0x00007ff9ada47000 	C:\Program Files\Java\jdk-12.0.2\bin\zip.dll
0x00007ff9ae960000 - 0x00007ff9ae96a000 	C:\Program Files\Java\jdk-12.0.2\bin\jimage.dll
0x00007ff9fca40000 - 0x00007ff9fdf34000 	C:\Windows\System32\SHELL32.dll
0x00007ff9fdfa0000 - 0x00007ff9fe048000 	C:\Windows\System32\shcore.dll
0x00007ff9fad00000 - 0x00007ff9fb44e000 	C:\Windows\System32\windows.storage.dll
0x00007ff9fa410000 - 0x00007ff9fa434000 	C:\Windows\System32\profapi.dll
0x00007ff9fa440000 - 0x00007ff9fa49d000 	C:\Windows\System32\powrprof.dll
0x00007ff9fdf40000 - 0x00007ff9fdf92000 	C:\Windows\System32\shlwapi.dll
0x00007ff9face0000 - 0x00007ff9facf7000 	C:\Windows\System32\cryptsp.dll
0x00007ff9ceb80000 - 0x00007ff9ced1f000 	C:\Program Files\Java\jdk-12.0.2\bin\awt.dll
0x00007ff9fc510000 - 0x00007ff9fc5d4000 	C:\Windows\System32\OLEAUT32.dll
0x00007ff9f73d0000 - 0x00007ff9f798e000 	C:\Windows\SYSTEM32\d2d1.dll
0x00007ff9f8290000 - 0x00007ff9f831c000 	C:\Windows\SYSTEM32\apphelp.dll
0x00007ff9f8520000 - 0x00007ff9f85bc000 	C:\Windows\system32\uxtheme.dll
0x00007ff9fbf20000 - 0x00007ff9fc08c000 	C:\Windows\System32\MSCTF.dll
0x00007ff9f8830000 - 0x00007ff9f885e000 	C:\Windows\system32\dwmapi.dll
0x00007ff9fa520000 - 0x00007ff9fa6fc000 	C:\Windows\System32\CRYPT32.dll
0x00007ff9fa3f0000 - 0x00007ff9fa402000 	C:\Windows\System32\MSASN1.dll
0x00007ff9fc7b0000 - 0x00007ff9fc905000 	C:\Windows\System32\ole32.dll
0x00007ff9c4380000 - 0x00007ff9c44a7000 	C:\Windows\system32\opengl32.dll
0x00007ff9c4350000 - 0x00007ff9c437c000 	C:\Windows\SYSTEM32\GLU32.dll
0x00007ff9d0270000 - 0x00007ff9d02f0000 	C:\Program Files\Java\jdk-12.0.2\bin\freetype.dll
0x00007ff9d0170000 - 0x00007ff9d021b000 	C:\Program Files\Java\jdk-12.0.2\bin\fontmanager.dll
0x00007ff9ea380000 - 0x00007ff9ea415000 	C:\Windows\System32\TextInputFramework.dll
0x00007ff9f53e0000 - 0x00007ff9f5702000 	C:\Windows\System32\CoreUIComponents.dll
0x00007ff9f7ec0000 - 0x00007ff9f7fa2000 	C:\Windows\System32\CoreMessaging.dll
0x00007ff9f9440000 - 0x00007ff9f9471000 	C:\Windows\SYSTEM32\ntmarta.dll
0x00007ff9f5980000 - 0x00007ff9f5ad3000 	C:\Windows\SYSTEM32\wintypes.dll

dbghelp: loaded successfully - version: 4.0.5 - missing functions: none
symbol engine: initialized successfully - sym options: 0x614 - pdb path: .;C:\Program Files\Java\jdk-12.0.2\bin;C:\Windows\SYSTEM32;C:\Windows\WinSxS\amd64_microsoft.windows.common-controls_6595b64144ccf1df_6.0.17763.1217_none_de6e4304534e0ad3;C:\Program Files\Java\jdk-12.0.2\bin\server

VM Arguments:
jvm_args: -Dfile.encoding=Cp1252 
java_command: main.Screen
java_class_path (initial): C:\Users\alexa\eclipse-workspace\Gravity_remake\bin
Launcher Type: SUN_STANDARD

[Global flags]
     intx CICompilerCount                          = 4                                         {product} {ergonomic}
     uint ConcGCThreads                            = 2                                         {product} {ergonomic}
     uint G1ConcRefinementThreads                  = 8                                         {product} {ergonomic}
   size_t G1HeapRegionSize                         = 1048576                                   {product} {ergonomic}
    uintx GCDrainStackTargetSize                   = 64                                        {product} {ergonomic}
   size_t InitialHeapSize                          = 132120576                                 {product} {ergonomic}
   size_t MarkStackSize                            = 4194304                                   {product} {ergonomic}
   size_t MaxHeapSize                              = 2107637760                                {product} {ergonomic}
   size_t MaxNewSize                               = 1264582656                                {product} {ergonomic}
   size_t MinHeapDeltaBytes                        = 1048576                                   {product} {ergonomic}
    uintx NonNMethodCodeHeapSize                   = 5836300                                {pd product} {ergonomic}
    uintx NonProfiledCodeHeapSize                  = 122910970                              {pd product} {ergonomic}
    uintx ProfiledCodeHeapSize                     = 122910970                              {pd product} {ergonomic}
    uintx ReservedCodeCacheSize                    = 251658240                              {pd product} {ergonomic}
     bool SegmentedCodeCache                       = true                                      {product} {ergonomic}
     bool UseCompressedClassPointers               = true                                 {lp64_product} {ergonomic}
     bool UseCompressedOops                        = true                                 {lp64_product} {ergonomic}
     bool UseG1GC                                  = true                                      {product} {ergonomic}
     bool UseLargePagesIndividualAllocation        = false                                  {pd product} {ergonomic}

Logging:
Log output configuration:
 #0: stdout all=warning uptime,level,tags
 #1: stderr all=off uptime,level,tags

Environment Variables:
PATH=C:/Program Files/Java/jdk-12.0.2/bin/server;C:/Program Files/Java/jdk-12.0.2/bin;C:\Program Files (x86)\Common Files\Oracle\Java\javapath;C:\Windows\system32;C:\Windows;C:\Windows\System32\Wbem;C:\Windows\System32\WindowsPowerShell\v1.0\;C:\Windows\System32\OpenSSH\;C:\Program Files (x86)\NVIDIA Corporation\PhysX\Common;C:\Program Files\NVIDIA Corporation\NVIDIA NvDLISR;C:\Program Files\dotnet\;C:\Program Files\nodejs\;C:\Program Files (x86)\Yarn\bin\;C:\Program Files\PuTTY\;C:\Users\alexa\AppData\Local\Programs\Python\Python37\Scripts\;C:\Users\alexa\AppData\Local\Programs\Python\Python37\;C:\Users\alexa\AppData\Local\Microsoft\WindowsApps;C:\Users\alexa\AppData\Local\GitHubDesktop\bin;C:\Users\alexa\AppData\Local\atom\bin;C:\Users\alexa\AppData\Roaming\npm;C:\Users\alexa\AppData\Local\Programs\Microsoft VS Code\bin;C:\Users\alexa\AppData\Local\Yarn\bin;C:\Program Files (x86)\FAHClient;C:\Users\alexa\OneDrive\Desktop;
USERNAME=alexa
OS=Windows_NT
PROCESSOR_IDENTIFIER=Intel64 Family 6 Model 142 Stepping 11, GenuineIntel



---------------  S Y S T E M  ---------------

OS: Windows 10 , 64 bit Build 17763 (10.0.17763.1158)

CPU:total 8 (initial active 8) (4 cores per cpu, 2 threads per core) family 6 model 142 stepping 11, cmov, cx8, fxsr, mmx, sse, sse2, sse3, ssse3, sse4.1, sse4.2, popcnt, avx, avx2, aes, clmul, erms, 3dnowpref, lzcnt, ht, tsc, tscinvbit, bmi1, bmi2, adx, fma

Memory: 4k page, system-wide physical 8039M (398M free)
TotalPageFile size 32615M (AvailPageFile size 0M)
current process WorkingSet (physical memory assigned to process): 76M, peak: 78M
current process commit charge ("private bytes"): 210M, peak: 212M

vm_info: Java HotSpot(TM) 64-Bit Server VM (12.0.2+10) for windows-amd64 JRE (12.0.2+10), built on Jul 16 2019 01:56:17 by "mach5one" with MS VC++ 15.5 (VS2017)

END.
