#
# There is insufficient memory for the Java Runtime Environment to continue.
# Native memory allocation (malloc) failed to allocate 32744 bytes for ChunkPool::allocate
# Possible reasons:
#   The system is out of physical RAM or swap space
#   The process is running with CompressedOops enabled, and the Java Heap may be blocking the growth of the native heap
# Possible solutions:
#   Reduce memory load on the system
#   Increase physical memory or swap space
#   Check if swap backing store is full
#   Decrease Java heap size (-Xmx/-Xms)
#   Decrease number of Java threads
#   Decrease Java thread stack sizes (-Xss)
#   Set larger code cache with -XX:ReservedCodeCacheSize=
#   JVM is running with Unscaled Compressed Oops mode in which the Java heap is
#     placed in the first 4GB address space. The Java Heap base address is the
#     maximum limit for the native heap growth. Please use -XX:HeapBaseMinAddress
#     to set the Java Heap base and to place the Java Heap above 4GB virtual address.
# This output file may be truncated or incomplete.
#
#  Out of Memory Error (t:/workspace/open/src/hotspot/share/memory/arena.cpp:81), pid=15580, tid=17560
#
# JRE version: Java(TM) SE Runtime Environment (12.0.2+10) (build 12.0.2+10)
# Java VM: Java HotSpot(TM) 64-Bit Server VM (12.0.2+10, mixed mode, sharing, tiered, compressed oops, g1 gc, windows-amd64)
# No core dump will be written. Minidumps are not enabled by default on client versions of Windows
#

---------------  S U M M A R Y ------------

Command Line: -Dfile.encoding=Cp1252 main.Screen

Host: Intel(R) Core(TM) i7-8565U CPU @ 1.80GHz, 8 cores, 7G,  Windows 10 , 64 bit Build 17763 (10.0.17763.1158)
Time: Tue Jun  2 22:20:03 2020 GMT Summer Time elapsed time: 2098 seconds (0d 0h 34m 58s)

---------------  T H R E A D  ---------------

Current thread (0x000001691377a000):  VMThread "VM Thread" [stack: 0x0000000f53f00000,0x0000000f54000000] [id=17560] _threads_hazard_ptr=0x000001691448a3e0

Stack: [0x0000000f53f00000,0x0000000f54000000]
[error occurred during error reporting (printing stack bounds), id 0xc0000005, EXCEPTION_ACCESS_VIOLATION (0xc0000005) at pc=0x0000016900000bad]

Native frames: (J=compiled Java code, j=interpreted, Vv=VM code, C=native code)
V  [jvm.dll+0x63aa2a]
V  [jvm.dll+0x78ce1e]
V  [jvm.dll+0x78e4c1]
V  [jvm.dll+0x78ea75]
V  [jvm.dll+0x78ea2b]
V  [jvm.dll+0x63a134]
V  [jvm.dll+0x63a4f8]
C  [ntdll.dll+0xa479f]
C  [ntdll.dll+0x4bef]
C  [ntdll.dll+0xa350e]
C  0x0000016900000bad

VM_Operation (0x0000000f54cfd170): BulkRevokeBias, mode: safepoint, requested by thread 0x000001691444d000


---------------  P R O C E S S  ---------------

Threads class SMR info:
_java_thread_list=0x000001691448a3e0, length=14, elements={
0x000001691377b800, 0x000001691377c800, 0x0000016913795800, 0x0000016913797800,
0x0000016913799800, 0x00000169137a0000, 0x00000169137aa800, 0x00000169141e2000,
0x00000169141ec800, 0x0000016914441000, 0x0000016914442000, 0x000001691444d000,
0x00000169144c9800, 0x0000016974b3c800
}

Java Threads: ( => current thread )
  0x000001691377b800 JavaThread "Reference Handler" daemon [_thread_blocked, id=14016, stack(0x0000000f54000000,0x0000000f54100000)]
  0x000001691377c800 JavaThread "Finalizer" daemon [_thread_blocked, id=13612, stack(0x0000000f54100000,0x0000000f54200000)]
  0x0000016913795800 JavaThread "Signal Dispatcher" daemon [_thread_blocked, id=17868, stack(0x0000000f54200000,0x0000000f54300000)]
  0x0000016913797800 JavaThread "Attach Listener" daemon [_thread_blocked, id=15384, stack(0x0000000f54300000,0x0000000f54400000)]
  0x0000016913799800 JavaThread "C2 CompilerThread0" daemon [_thread_blocked, id=9684, stack(0x0000000f54400000,0x0000000f54500000)]
  0x00000169137a0000 JavaThread "C1 CompilerThread0" daemon [_thread_blocked, id=16828, stack(0x0000000f54500000,0x0000000f54600000)]
  0x00000169137aa800 JavaThread "Sweeper thread" daemon [_thread_blocked, id=17936, stack(0x0000000f54600000,0x0000000f54700000)]
  0x00000169141e2000 JavaThread "Service Thread" daemon [_thread_blocked, id=16060, stack(0x0000000f54700000,0x0000000f54800000)]
  0x00000169141ec800 JavaThread "Common-Cleaner" daemon [_thread_blocked, id=18108, stack(0x0000000f54900000,0x0000000f54a00000)]
  0x0000016914441000 JavaThread "Java2D Disposer" daemon [_thread_blocked, id=15060, stack(0x0000000f54a00000,0x0000000f54b00000)]
  0x0000016914442000 JavaThread "AWT-Shutdown" [_thread_blocked, id=16864, stack(0x0000000f54b00000,0x0000000f54c00000)]
  0x000001691444d000 JavaThread "AWT-Windows" daemon [_thread_blocked, id=17576, stack(0x0000000f54c00000,0x0000000f54d00000)]
  0x00000169144c9800 JavaThread "AWT-EventQueue-0" [_thread_blocked, id=17624, stack(0x0000000f54d00000,0x0000000f54e00000)]
  0x0000016974b3c800 JavaThread "DestroyJavaVM" [_thread_blocked, id=13880, stack(0x0000000f53900000,0x0000000f53a00000)]

Other Threads:
=>0x000001691377a000 VMThread "VM Thread" [stack: 0x0000000f53f00000,0x0000000f54000000] [id=17560] _threads_hazard_ptr=0x000001691448a3e0
  0x00000169141e3000 WatcherThread [stack: 0x0000000f54800000,0x0000000f54900000] [id=7368]
  0x0000016974b7b800 GCTaskThread "GC Thread#0" [stack: 0x0000000f53a00000,0x0000000f53b00000] [id=17044]
  0x0000016915948000 GCTaskThread "GC Thread#1" [stack: 0x0000000f54e00000,0x0000000f54f00000] [id=15608]
  0x0000016915943000 GCTaskThread "GC Thread#2" [stack: 0x0000000f54f00000,0x0000000f55000000] [id=18172]
  0x0000016915947800 GCTaskThread "GC Thread#3" [stack: 0x0000000f55000000,0x0000000f55100000] [id=18312]
  0x0000016915941800 GCTaskThread "GC Thread#4" [stack: 0x0000000f55100000,0x0000000f55200000] [id=18192]
  0x0000016915949000 GCTaskThread "GC Thread#5" [stack: 0x0000000f55200000,0x0000000f55300000] [id=5880]
  0x0000016974b89000 ConcurrentGCThread "G1 Main Marker" [stack: 0x0000000f53b00000,0x0000000f53c00000] [id=17580]
  0x0000016974b8c000 ConcurrentGCThread "G1 Conc#0" [stack: 0x0000000f53c00000,0x0000000f53d00000] [id=8228]
  0x0000016974c0d000 ConcurrentGCThread "G1 Refine#0" [stack: 0x0000000f53d00000,0x0000000f53e00000] [id=9180]
  0x00000169135f0800 ConcurrentGCThread "G1 Young RemSet Sampling" [stack: 0x0000000f53e00000,0x0000000f53f00000] [id=13536]

Threads with active compile tasks:
C1 CompilerThread0  1073       3       java.lang.ref.ReferenceQueue::reallyPoll (65 bytes)

VM state:at safepoint (normal execution)

VM Mutex/Monitor currently owned by a thread:  ([mutex/lock_event])
[0x0000016974b383a0] Threads_lock - owner thread: 0x000001691377a000

Heap address: 0x0000000082600000, size: 2010 MB, Compressed Oops mode: 32-bit
Narrow klass base: 0x0000000800000000, Narrow klass shift: 3
Compressed class space size: 1073741824 Address: 0x0000000801190000

Heap:
 garbage-first heap   total 129024K, used 55965K [0x0000000082600000, 0x0000000100000000)
  region size 1024K, 49 young (50176K), 2 survivors (2048K)
 Metaspace       used 6703K, capacity 6981K, committed 7040K, reserved 1056768K
  class space    used 716K, capacity 870K, committed 896K, reserved 1048576K
Heap Regions: E=young(eden), S=young(survivor), O=old, HS=humongous(starts), HC=humongous(continues), CS=collection set, F=free, A=archive, TAMS=top-at-mark-start (previous, next)
|   0|0x0000000082600000, 0x0000000082700000, 0x0000000082700000|100%|HS|  |TAMS 0x0000000082600000, 0x0000000082600000| Complete 
|   1|0x0000000082700000, 0x0000000082800000, 0x0000000082800000|100%|HC|  |TAMS 0x0000000082700000, 0x0000000082700000| Complete 
|   2|0x0000000082800000, 0x0000000082900000, 0x0000000082900000|100%|HC|  |TAMS 0x0000000082800000, 0x0000000082800000| Complete 
|   3|0x0000000082900000, 0x0000000082a00000, 0x0000000082a00000|100%|HC|  |TAMS 0x0000000082900000, 0x0000000082900000| Complete 
|   4|0x0000000082a00000, 0x0000000082b00000, 0x0000000082b00000|100%|HC|  |TAMS 0x0000000082a00000, 0x0000000082a00000| Complete 
|   5|0x0000000082b00000, 0x0000000082c00000, 0x0000000082c00000|100%|HC|  |TAMS 0x0000000082b00000, 0x0000000082b00000| Complete 
|   6|0x0000000082c00000, 0x0000000082d00000, 0x0000000082d00000|100%|HC|  |TAMS 0x0000000082c00000, 0x0000000082c00000| Complete 
|   7|0x0000000082d00000, 0x0000000082d00000, 0x0000000082e00000|  0%| F|  |TAMS 0x0000000082d00000, 0x0000000082d00000| Untracked 
|   8|0x0000000082e00000, 0x0000000082e00000, 0x0000000082f00000|  0%| F|  |TAMS 0x0000000082e00000, 0x0000000082e00000| Untracked 
|   9|0x0000000082f00000, 0x0000000082f00000, 0x0000000083000000|  0%| F|  |TAMS 0x0000000082f00000, 0x0000000082f00000| Untracked 
|  10|0x0000000083000000, 0x0000000083000000, 0x0000000083100000|  0%| F|  |TAMS 0x0000000083000000, 0x0000000083000000| Untracked 
|  11|0x0000000083100000, 0x0000000083100000, 0x0000000083200000|  0%| F|  |TAMS 0x0000000083100000, 0x0000000083100000| Untracked 
|  12|0x0000000083200000, 0x0000000083200000, 0x0000000083300000|  0%| F|  |TAMS 0x0000000083200000, 0x0000000083200000| Untracked 
|  13|0x0000000083300000, 0x0000000083300000, 0x0000000083400000|  0%| F|  |TAMS 0x0000000083300000, 0x0000000083300000| Untracked 
|  14|0x0000000083400000, 0x0000000083400000, 0x0000000083500000|  0%| F|  |TAMS 0x0000000083400000, 0x0000000083400000| Untracked 
|  15|0x0000000083500000, 0x0000000083500000, 0x0000000083600000|  0%| F|  |TAMS 0x0000000083500000, 0x0000000083500000| Untracked 
|  16|0x0000000083600000, 0x0000000083600000, 0x0000000083700000|  0%| F|  |TAMS 0x0000000083600000, 0x0000000083600000| Untracked 
|  17|0x0000000083700000, 0x0000000083700000, 0x0000000083800000|  0%| F|  |TAMS 0x0000000083700000, 0x0000000083700000| Untracked 
|  18|0x0000000083800000, 0x0000000083800000, 0x0000000083900000|  0%| F|  |TAMS 0x0000000083800000, 0x0000000083800000| Untracked 
|  19|0x0000000083900000, 0x0000000083900000, 0x0000000083a00000|  0%| F|  |TAMS 0x0000000083900000, 0x0000000083900000| Untracked 
|  20|0x0000000083a00000, 0x0000000083a00000, 0x0000000083b00000|  0%| F|  |TAMS 0x0000000083a00000, 0x0000000083a00000| Untracked 
|  21|0x0000000083b00000, 0x0000000083b00000, 0x0000000083c00000|  0%| F|  |TAMS 0x0000000083b00000, 0x0000000083b00000| Untracked 
|  22|0x0000000083c00000, 0x0000000083c00000, 0x0000000083d00000|  0%| F|  |TAMS 0x0000000083c00000, 0x0000000083c00000| Untracked 
|  23|0x0000000083d00000, 0x0000000083d00000, 0x0000000083e00000|  0%| F|  |TAMS 0x0000000083d00000, 0x0000000083d00000| Untracked 
|  24|0x0000000083e00000, 0x0000000083e00000, 0x0000000083f00000|  0%| F|  |TAMS 0x0000000083e00000, 0x0000000083e00000| Untracked 
|  25|0x0000000083f00000, 0x0000000083f00000, 0x0000000084000000|  0%| F|  |TAMS 0x0000000083f00000, 0x0000000083f00000| Untracked 
|  26|0x0000000084000000, 0x0000000084000000, 0x0000000084100000|  0%| F|  |TAMS 0x0000000084000000, 0x0000000084000000| Untracked 
|  27|0x0000000084100000, 0x0000000084100000, 0x0000000084200000|  0%| F|  |TAMS 0x0000000084100000, 0x0000000084100000| Untracked 
|  28|0x0000000084200000, 0x0000000084200000, 0x0000000084300000|  0%| F|  |TAMS 0x0000000084200000, 0x0000000084200000| Untracked 
|  29|0x0000000084300000, 0x0000000084300000, 0x0000000084400000|  0%| F|  |TAMS 0x0000000084300000, 0x0000000084300000| Untracked 
|  30|0x0000000084400000, 0x0000000084400000, 0x0000000084500000|  0%| F|  |TAMS 0x0000000084400000, 0x0000000084400000| Untracked 
|  31|0x0000000084500000, 0x0000000084500000, 0x0000000084600000|  0%| F|  |TAMS 0x0000000084500000, 0x0000000084500000| Untracked 
|  32|0x0000000084600000, 0x0000000084600000, 0x0000000084700000|  0%| F|  |TAMS 0x0000000084600000, 0x0000000084600000| Untracked 
|  33|0x0000000084700000, 0x0000000084700000, 0x0000000084800000|  0%| F|  |TAMS 0x0000000084700000, 0x0000000084700000| Untracked 
|  34|0x0000000084800000, 0x0000000084800000, 0x0000000084900000|  0%| F|  |TAMS 0x0000000084800000, 0x0000000084800000| Untracked 
|  35|0x0000000084900000, 0x0000000084900000, 0x0000000084a00000|  0%| F|  |TAMS 0x0000000084900000, 0x0000000084900000| Untracked 
|  36|0x0000000084a00000, 0x0000000084a00000, 0x0000000084b00000|  0%| F|  |TAMS 0x0000000084a00000, 0x0000000084a00000| Untracked 
|  37|0x0000000084b00000, 0x0000000084b00000, 0x0000000084c00000|  0%| F|  |TAMS 0x0000000084b00000, 0x0000000084b00000| Untracked 
|  38|0x0000000084c00000, 0x0000000084c00000, 0x0000000084d00000|  0%| F|  |TAMS 0x0000000084c00000, 0x0000000084c00000| Untracked 
|  39|0x0000000084d00000, 0x0000000084d00000, 0x0000000084e00000|  0%| F|  |TAMS 0x0000000084d00000, 0x0000000084d00000| Untracked 
|  40|0x0000000084e00000, 0x0000000084e00000, 0x0000000084f00000|  0%| F|  |TAMS 0x0000000084e00000, 0x0000000084e00000| Untracked 
|  41|0x0000000084f00000, 0x0000000084f00000, 0x0000000085000000|  0%| F|  |TAMS 0x0000000084f00000, 0x0000000084f00000| Untracked 
|  42|0x0000000085000000, 0x0000000085000000, 0x0000000085100000|  0%| F|  |TAMS 0x0000000085000000, 0x0000000085000000| Untracked 
|  43|0x0000000085100000, 0x0000000085100000, 0x0000000085200000|  0%| F|  |TAMS 0x0000000085100000, 0x0000000085100000| Untracked 
|  44|0x0000000085200000, 0x0000000085200000, 0x0000000085300000|  0%| F|  |TAMS 0x0000000085200000, 0x0000000085200000| Untracked 
|  45|0x0000000085300000, 0x0000000085300000, 0x0000000085400000|  0%| F|  |TAMS 0x0000000085300000, 0x0000000085300000| Untracked 
|  46|0x0000000085400000, 0x0000000085400000, 0x0000000085500000|  0%| F|  |TAMS 0x0000000085400000, 0x0000000085400000| Untracked 
|  47|0x0000000085500000, 0x0000000085500000, 0x0000000085600000|  0%| F|  |TAMS 0x0000000085500000, 0x0000000085500000| Untracked 
|  48|0x0000000085600000, 0x0000000085600000, 0x0000000085700000|  0%| F|  |TAMS 0x0000000085600000, 0x0000000085600000| Untracked 
|  49|0x0000000085700000, 0x0000000085700000, 0x0000000085800000|  0%| F|  |TAMS 0x0000000085700000, 0x0000000085700000| Untracked 
|  50|0x0000000085800000, 0x0000000085800000, 0x0000000085900000|  0%| F|  |TAMS 0x0000000085800000, 0x0000000085800000| Untracked 
|  51|0x0000000085900000, 0x0000000085900000, 0x0000000085a00000|  0%| F|  |TAMS 0x0000000085900000, 0x0000000085900000| Untracked 
|  52|0x0000000085a00000, 0x0000000085a00000, 0x0000000085b00000|  0%| F|  |TAMS 0x0000000085a00000, 0x0000000085a00000| Untracked 
|  53|0x0000000085b00000, 0x0000000085b00000, 0x0000000085c00000|  0%| F|  |TAMS 0x0000000085b00000, 0x0000000085b00000| Untracked 
|  54|0x0000000085c00000, 0x0000000085c00000, 0x0000000085d00000|  0%| F|  |TAMS 0x0000000085c00000, 0x0000000085c00000| Untracked 
|  55|0x0000000085d00000, 0x0000000085d00000, 0x0000000085e00000|  0%| F|  |TAMS 0x0000000085d00000, 0x0000000085d00000| Untracked 
|  56|0x0000000085e00000, 0x0000000085e00000, 0x0000000085f00000|  0%| F|  |TAMS 0x0000000085e00000, 0x0000000085e00000| Untracked 
|  57|0x0000000085f00000, 0x0000000085f00000, 0x0000000086000000|  0%| F|  |TAMS 0x0000000085f00000, 0x0000000085f00000| Untracked 
|  58|0x0000000086000000, 0x0000000086000000, 0x0000000086100000|  0%| F|  |TAMS 0x0000000086000000, 0x0000000086000000| Untracked 
|  59|0x0000000086100000, 0x0000000086100000, 0x0000000086200000|  0%| F|  |TAMS 0x0000000086100000, 0x0000000086100000| Untracked 
|  60|0x0000000086200000, 0x0000000086200000, 0x0000000086300000|  0%| F|  |TAMS 0x0000000086200000, 0x0000000086200000| Untracked 
|  61|0x0000000086300000, 0x0000000086300000, 0x0000000086400000|  0%| F|  |TAMS 0x0000000086300000, 0x0000000086300000| Untracked 
|  62|0x0000000086400000, 0x0000000086400000, 0x0000000086500000|  0%| F|  |TAMS 0x0000000086400000, 0x0000000086400000| Untracked 
|  63|0x0000000086500000, 0x0000000086500000, 0x0000000086600000|  0%| F|  |TAMS 0x0000000086500000, 0x0000000086500000| Untracked 
|  64|0x0000000086600000, 0x0000000086600000, 0x0000000086700000|  0%| F|  |TAMS 0x0000000086600000, 0x0000000086600000| Untracked 
|  65|0x0000000086700000, 0x0000000086700000, 0x0000000086800000|  0%| F|  |TAMS 0x0000000086700000, 0x0000000086700000| Untracked 
|  66|0x0000000086800000, 0x0000000086800000, 0x0000000086900000|  0%| F|  |TAMS 0x0000000086800000, 0x0000000086800000| Untracked 
|  67|0x0000000086900000, 0x0000000086900000, 0x0000000086a00000|  0%| F|  |TAMS 0x0000000086900000, 0x0000000086900000| Untracked 
|  68|0x0000000086a00000, 0x0000000086a00000, 0x0000000086b00000|  0%| F|  |TAMS 0x0000000086a00000, 0x0000000086a00000| Untracked 
|  69|0x0000000086b00000, 0x0000000086b00000, 0x0000000086c00000|  0%| F|  |TAMS 0x0000000086b00000, 0x0000000086b00000| Untracked 
|  70|0x0000000086c00000, 0x0000000086c00000, 0x0000000086d00000|  0%| F|  |TAMS 0x0000000086c00000, 0x0000000086c00000| Untracked 
|  71|0x0000000086d00000, 0x0000000086d00000, 0x0000000086e00000|  0%| F|  |TAMS 0x0000000086d00000, 0x0000000086d00000| Untracked 
|  72|0x0000000086e00000, 0x0000000086e00000, 0x0000000086f00000|  0%| F|  |TAMS 0x0000000086e00000, 0x0000000086e00000| Untracked 
|  73|0x0000000086f00000, 0x0000000086f00000, 0x0000000087000000|  0%| F|  |TAMS 0x0000000086f00000, 0x0000000086f00000| Untracked 
|  74|0x0000000087000000, 0x0000000087000000, 0x0000000087100000|  0%| F|  |TAMS 0x0000000087000000, 0x0000000087000000| Untracked 
|  75|0x0000000087100000, 0x0000000087100000, 0x0000000087200000|  0%| F|  |TAMS 0x0000000087100000, 0x0000000087100000| Untracked 
|  76|0x0000000087200000, 0x0000000087200000, 0x0000000087300000|  0%| F|  |TAMS 0x0000000087200000, 0x0000000087200000| Untracked 
|  77|0x0000000087300000, 0x0000000087380800, 0x0000000087400000| 50%| E|  |TAMS 0x0000000087300000, 0x0000000087300000| Complete 
|  78|0x0000000087400000, 0x0000000087500000, 0x0000000087500000|100%| E|CS|TAMS 0x0000000087400000, 0x0000000087400000| Complete 
|  79|0x0000000087500000, 0x0000000087600000, 0x0000000087600000|100%| E|CS|TAMS 0x0000000087500000, 0x0000000087500000| Complete 
|  80|0x0000000087600000, 0x0000000087700000, 0x0000000087700000|100%| E|CS|TAMS 0x0000000087600000, 0x0000000087600000| Complete 
|  81|0x0000000087700000, 0x0000000087800000, 0x0000000087800000|100%| E|CS|TAMS 0x0000000087700000, 0x0000000087700000| Complete 
|  82|0x0000000087800000, 0x0000000087900000, 0x0000000087900000|100%| E|CS|TAMS 0x0000000087800000, 0x0000000087800000| Complete 
|  83|0x0000000087900000, 0x0000000087a00000, 0x0000000087a00000|100%| E|CS|TAMS 0x0000000087900000, 0x0000000087900000| Complete 
|  84|0x0000000087a00000, 0x0000000087b00000, 0x0000000087b00000|100%| E|CS|TAMS 0x0000000087a00000, 0x0000000087a00000| Complete 
|  85|0x0000000087b00000, 0x0000000087c00000, 0x0000000087c00000|100%| E|CS|TAMS 0x0000000087b00000, 0x0000000087b00000| Complete 
|  86|0x0000000087c00000, 0x0000000087d00000, 0x0000000087d00000|100%| E|CS|TAMS 0x0000000087c00000, 0x0000000087c00000| Complete 
|  87|0x0000000087d00000, 0x0000000087e00000, 0x0000000087e00000|100%| E|CS|TAMS 0x0000000087d00000, 0x0000000087d00000| Complete 
|  88|0x0000000087e00000, 0x0000000087f00000, 0x0000000087f00000|100%| E|CS|TAMS 0x0000000087e00000, 0x0000000087e00000| Complete 
|  89|0x0000000087f00000, 0x0000000088000000, 0x0000000088000000|100%| E|CS|TAMS 0x0000000087f00000, 0x0000000087f00000| Complete 
|  90|0x0000000088000000, 0x0000000088100000, 0x0000000088100000|100%| E|CS|TAMS 0x0000000088000000, 0x0000000088000000| Complete 
|  91|0x0000000088100000, 0x0000000088200000, 0x0000000088200000|100%| E|CS|TAMS 0x0000000088100000, 0x0000000088100000| Complete 
|  92|0x0000000088200000, 0x0000000088300000, 0x0000000088300000|100%| E|CS|TAMS 0x0000000088200000, 0x0000000088200000| Complete 
|  93|0x0000000088300000, 0x0000000088400000, 0x0000000088400000|100%| E|CS|TAMS 0x0000000088300000, 0x0000000088300000| Complete 
|  94|0x0000000088400000, 0x0000000088500000, 0x0000000088500000|100%| E|CS|TAMS 0x0000000088400000, 0x0000000088400000| Complete 
|  95|0x0000000088500000, 0x0000000088600000, 0x0000000088600000|100%| E|CS|TAMS 0x0000000088500000, 0x0000000088500000| Complete 
|  96|0x0000000088600000, 0x0000000088700000, 0x0000000088700000|100%| E|CS|TAMS 0x0000000088600000, 0x0000000088600000| Complete 
|  97|0x0000000088700000, 0x0000000088800000, 0x0000000088800000|100%| E|CS|TAMS 0x0000000088700000, 0x0000000088700000| Complete 
|  98|0x0000000088800000, 0x0000000088900000, 0x0000000088900000|100%| E|CS|TAMS 0x0000000088800000, 0x0000000088800000| Complete 
|  99|0x0000000088900000, 0x0000000088a00000, 0x0000000088a00000|100%| E|CS|TAMS 0x0000000088900000, 0x0000000088900000| Complete 
| 100|0x0000000088a00000, 0x0000000088aa7630, 0x0000000088b00000| 65%| S|CS|TAMS 0x0000000088a00000, 0x0000000088a00000| Complete 
| 101|0x0000000088b00000, 0x0000000088c00000, 0x0000000088c00000|100%| S|CS|TAMS 0x0000000088b00000, 0x0000000088b00000| Complete 
| 102|0x0000000088c00000, 0x0000000088d00000, 0x0000000088d00000|100%| E|CS|TAMS 0x0000000088c00000, 0x0000000088c00000| Complete 
| 103|0x0000000088d00000, 0x0000000088e00000, 0x0000000088e00000|100%| E|CS|TAMS 0x0000000088d00000, 0x0000000088d00000| Complete 
| 104|0x0000000088e00000, 0x0000000088f00000, 0x0000000088f00000|100%| E|CS|TAMS 0x0000000088e00000, 0x0000000088e00000| Complete 
| 105|0x0000000088f00000, 0x0000000089000000, 0x0000000089000000|100%| E|CS|TAMS 0x0000000088f00000, 0x0000000088f00000| Complete 
| 106|0x0000000089000000, 0x0000000089100000, 0x0000000089100000|100%| E|CS|TAMS 0x0000000089000000, 0x0000000089000000| Complete 
| 107|0x0000000089100000, 0x0000000089200000, 0x0000000089200000|100%| E|CS|TAMS 0x0000000089100000, 0x0000000089100000| Complete 
| 108|0x0000000089200000, 0x0000000089300000, 0x0000000089300000|100%| E|CS|TAMS 0x0000000089200000, 0x0000000089200000| Complete 
| 109|0x0000000089300000, 0x0000000089400000, 0x0000000089400000|100%| E|CS|TAMS 0x0000000089300000, 0x0000000089300000| Complete 
| 110|0x0000000089400000, 0x0000000089500000, 0x0000000089500000|100%| E|CS|TAMS 0x0000000089400000, 0x0000000089400000| Complete 
| 111|0x0000000089500000, 0x0000000089600000, 0x0000000089600000|100%| E|CS|TAMS 0x0000000089500000, 0x0000000089500000| Complete 
| 112|0x0000000089600000, 0x0000000089700000, 0x0000000089700000|100%| E|CS|TAMS 0x0000000089600000, 0x0000000089600000| Complete 
| 113|0x0000000089700000, 0x0000000089800000, 0x0000000089800000|100%| E|CS|TAMS 0x0000000089700000, 0x0000000089700000| Complete 
| 114|0x0000000089800000, 0x0000000089900000, 0x0000000089900000|100%| E|CS|TAMS 0x0000000089800000, 0x0000000089800000| Complete 
| 115|0x0000000089900000, 0x0000000089a00000, 0x0000000089a00000|100%| E|CS|TAMS 0x0000000089900000, 0x0000000089900000| Complete 
| 116|0x0000000089a00000, 0x0000000089b00000, 0x0000000089b00000|100%| E|CS|TAMS 0x0000000089a00000, 0x0000000089a00000| Complete 
| 117|0x0000000089b00000, 0x0000000089c00000, 0x0000000089c00000|100%| E|CS|TAMS 0x0000000089b00000, 0x0000000089b00000| Complete 
| 118|0x0000000089c00000, 0x0000000089d00000, 0x0000000089d00000|100%| E|CS|TAMS 0x0000000089c00000, 0x0000000089c00000| Complete 
| 119|0x0000000089d00000, 0x0000000089e00000, 0x0000000089e00000|100%| E|CS|TAMS 0x0000000089d00000, 0x0000000089d00000| Complete 
| 120|0x0000000089e00000, 0x0000000089f00000, 0x0000000089f00000|100%| E|CS|TAMS 0x0000000089e00000, 0x0000000089e00000| Complete 
| 121|0x0000000089f00000, 0x000000008a000000, 0x000000008a000000|100%| E|CS|TAMS 0x0000000089f00000, 0x0000000089f00000| Complete 
| 122|0x000000008a000000, 0x000000008a100000, 0x000000008a100000|100%| E|CS|TAMS 0x000000008a000000, 0x000000008a000000| Complete 
| 123|0x000000008a100000, 0x000000008a200000, 0x000000008a200000|100%| E|CS|TAMS 0x000000008a100000, 0x000000008a100000| Complete 
| 124|0x000000008a200000, 0x000000008a300000, 0x000000008a300000|100%| E|CS|TAMS 0x000000008a200000, 0x000000008a200000| Complete 
| 125|0x000000008a300000, 0x000000008a400000, 0x000000008a400000|100%| E|CS|TAMS 0x000000008a300000, 0x000000008a300000| Complete 

Card table byte_map: [0x000001697d660000,0x000001697da50000] _byte_map_base: 0x000001697d24d000

Marking Bits (Prev, Next): (CMBitMap*) 0x0000016974b7c3e8, (CMBitMap*) 0x0000016974b7c428
 Prev Bits: [0x000001697de40000, 0x000001697fda8000)
 Next Bits: [0x000001690f000000, 0x0000016910f68000)

Polling page: 0x00000169729f0000

Metaspace:

Usage:
  Non-class:      5.97 MB capacity,     5.85 MB ( 98%) used,   101.24 KB (  2%) free+waste,    22.88 KB ( <1%) overhead. 
      Class:    870.00 KB capacity,   716.52 KB ( 82%) used,   138.85 KB ( 16%) free+waste,    14.63 KB (  2%) overhead. 
       Both:      6.82 MB capacity,     6.55 MB ( 96%) used,   240.09 KB (  3%) free+waste,    37.50 KB ( <1%) overhead. 

Virtual space:
  Non-class space:        8.00 MB reserved,       6.00 MB ( 75%) committed 
      Class space:        1.00 GB reserved,     896.00 KB ( <1%) committed 
             Both:        1.01 GB reserved,       6.88 MB ( <1%) committed 

Chunk freelists:
   Non-Class:  4.13 KB
       Class:  3.25 KB
        Both:  7.38 KB

CodeHeap 'non-profiled nmethods': size=120000Kb used=279Kb max_used=279Kb free=119721Kb
 bounds [0x0000016907ad0000, 0x0000016907d40000, 0x000001690f000000]
CodeHeap 'profiled nmethods': size=120000Kb used=2153Kb max_used=2153Kb free=117847Kb
 bounds [0x00000169005a0000, 0x0000016900810000, 0x0000016907ad0000]
CodeHeap 'non-nmethods': size=5760Kb used=1183Kb max_used=1198Kb free=4576Kb
 bounds [0x0000016900000000, 0x0000016900270000, 0x00000169005a0000]
 total_blobs=1724 nmethods=1072 adapters=433
 compilation: enabled
              stopped_count=0, restarted_count=0
 full_count=0

Compilation events (10 events):
Event: 2.403 Thread 0x00000169137a0000 nmethod 1067 0x00000169007b7510 code [0x00000169007b7720, 0x00000169007b7cd0]
Event: 2.403 Thread 0x00000169137a0000 1068       3       sun.java2d.windows.GDIWindowSurfaceData::validatePipe (265 bytes)
Event: 2.404 Thread 0x00000169137a0000 nmethod 1068 0x00000169007b7f10 code [0x00000169007b81a0, 0x00000169007b9020]
Event: 2.404 Thread 0x00000169137a0000 1069       3       sun.java2d.windows.GDIWindowSurfaceData::getRenderLoops (26 bytes)
Event: 2.404 Thread 0x00000169137a0000 nmethod 1069 0x00000169007b9210 code [0x00000169007b93e0, 0x00000169007b9630]
Event: 2.404 Thread 0x00000169137a0000 1070       3       sun.java2d.pipe.DrawImage::copyImage (60 bytes)
Event: 2.404 Thread 0x00000169137a0000 nmethod 1070 0x00000169007b9710 code [0x00000169007b9940, 0x00000169007ba1f0]
Event: 2.434 Thread 0x00000169137a0000 1072       1       java.beans.PropertyChangeEvent::getNewValue (5 bytes)
Event: 2.434 Thread 0x00000169137a0000 nmethod 1072 0x0000016907b15890 code [0x0000016907b15a40, 0x0000016907b15b78]
Event: 2098.088 Thread 0x00000169137a0000 1073       3       java.lang.ref.ReferenceQueue::reallyPoll (65 bytes)

GC Heap History (2 events):
Event: 0.862 GC heap before
{Heap before GC invocations=0 (full 0):
 garbage-first heap   total 129024K, used 31744K [0x0000000082600000, 0x0000000100000000)
  region size 1024K, 24 young (24576K), 0 survivors (0K)
 Metaspace       used 6398K, capacity 6724K, committed 6784K, reserved 1056768K
  class space    used 714K, capacity 870K, committed 896K, reserved 1048576K
}
Event: 0.864 GC heap after
{Heap after GC invocations=1 (full 0):
 garbage-first heap   total 129024K, used 8861K [0x0000000082600000, 0x0000000100000000)
  region size 1024K, 2 young (2048K), 2 survivors (2048K)
 Metaspace       used 6398K, capacity 6724K, committed 6784K, reserved 1056768K
  class space    used 714K, capacity 870K, committed 896K, reserved 1048576K
}

Deoptimization events (3 events):
Event: 0.074 Thread 0x0000016974b3c800 Uncommon trap: reason=unstable_if action=reinterpret pc=0x0000016907ad3538 method=java.lang.String.hashCode()I @ 14 c2
Event: 0.123 Thread 0x0000016974b3c800 Uncommon trap: reason=range_check action=reinterpret pc=0x0000016907ae25a8 method=java.lang.StringLatin1.indexOf([BII)I @ 13 c2
Event: 2.025 Thread 0x00000169144c9800 Uncommon trap: reason=unstable_if action=reinterpret pc=0x0000016907b11320 method=java.awt.Component.inside(II)Z @ 13 c2

Classes redefined (0 events):
No events

Internal exceptions (10 events):
Event: 0.161 Thread 0x000001691444d000 Exception <a 'java/lang/NoSuchMethodError'{0x000000008a1fbd68}: java.lang.invoke.DirectMethodHandle$Holder.invokeSpecial(Ljava/lang/Object;Ljava/lang/Object;)V> (0x000000008a1fbd68) thrown at [t:/workspace/open/src/hotspot/share/interpreter/linkResolver.c
Event: 0.164 Thread 0x0000016974b3c800 Exception <a 'java/lang/NoSuchMethodError'{0x000000008a1a91a8}: java.lang.invoke.DirectMethodHandle$Holder.invokeStatic(Ljava/lang/Object;Ljava/lang/Object;Ljava/lang/Object;Ljava/lang/Object;Ljava/lang/Object;Ljava/lang/Object;Ljava/lang/Object;J)Ljava/l
Event: 0.180 Thread 0x0000016974b3c800 Exception <a 'java/lang/NoSuchMethodError'{0x000000008a0b6da0}: java.lang.invoke.DirectMethodHandle$Holder.invokeStatic(Ljava/lang/Object;ILjava/lang/Object;Ljava/lang/Object;Ljava/lang/Object;Ljava/lang/Object;)Ljava/lang/Object;> (0x000000008a0b6da0) th
Event: 0.180 Thread 0x0000016974b3c800 Exception <a 'java/lang/NoSuchMethodError'{0x000000008a0bd9d0}: java.lang.invoke.DirectMethodHandle$Holder.invokeStatic(Ljava/lang/Object;ILjava/lang/Object;Ljava/lang/Object;Ljava/lang/Object;)Ljava/lang/Object;> (0x000000008a0bd9d0) thrown at [t:/worksp
Event: 0.180 Thread 0x0000016974b3c800 Exception <a 'java/lang/NoSuchMethodError'{0x000000008a0c1230}: java.lang.invoke.DirectMethodHandle$Holder.invokeSpecial(Ljava/lang/Object;Ljava/lang/Object;ILjava/lang/Object;Ljava/lang/Object;Ljava/lang/Object;)Ljava/lang/Object;> (0x000000008a0c1230) t
Event: 0.182 Thread 0x0000016974b3c800 Exception <a 'java/lang/NoSuchMethodError'{0x000000008a0d75b0}: java.lang.invoke.DirectMethodHandle$Holder.invokeStatic(Ljava/lang/Object;ILjava/lang/Object;)Ljava/lang/Object;> (0x000000008a0d75b0) thrown at [t:/workspace/open/src/hotspot/share/interpret
Event: 0.197 Thread 0x0000016974b3c800 Exception <a 'java/lang/ClassNotFoundException'{0x0000000089f7e6c8}: com/sun/swing/internal/plaf/metal/resources/spi/metalProvider> (0x0000000089f7e6c8) thrown at [t:/workspace/open/src/hotspot/share/classfile/systemDictionary.cpp, line 235]
Event: 0.198 Thread 0x0000016974b3c800 Exception <a 'java/lang/ClassNotFoundException'{0x0000000089f826a8}: com/sun/swing/internal/plaf/basic/resources/spi/basicProvider> (0x0000000089f826a8) thrown at [t:/workspace/open/src/hotspot/share/classfile/systemDictionary.cpp, line 235]
Event: 0.230 Thread 0x0000016974b3c800 Exception <a 'java/lang/NoSuchMethodError'{0x0000000089fe4b98}: java.lang.invoke.DirectMethodHandle$Holder.invokeStaticInit(Ljava/lang/Object;)V> (0x0000000089fe4b98) thrown at [t:/workspace/open/src/hotspot/share/interpreter/linkResolver.cpp, line 777]
Event: 0.253 Thread 0x0000016974b3c800 Exception <a 'java/lang/NoSuchMethodError'{0x0000000089e7ceb0}: java.lang.invoke.Invokers$Holder.linkToTargetMethod(Ljava/lang/Object;ILjava/lang/Object;)Ljava/lang/Object;> (0x0000000089e7ceb0) thrown at [t:/workspace/open/src/hotspot/share/interpreter/l

Events (10 events):
Event: 2098.127 Executing VM operation: RevokeBias done
Event: 2098.127 Executing VM operation: RevokeBias
Event: 2098.127 Executing VM operation: RevokeBias done
Event: 2098.127 Executing VM operation: RevokeBias
Event: 2098.127 Executing VM operation: RevokeBias done
Event: 2098.127 Executing VM operation: RevokeBias
Event: 2098.127 Executing VM operation: RevokeBias done
Event: 2098.128 Executing VM operation: RevokeBias
Event: 2098.128 Executing VM operation: RevokeBias done
Event: 2098.128 Executing VM operation: BulkRevokeBias


Dynamic libraries:
0x00007ff7bc050000 - 0x00007ff7bc05f000 	C:\Program Files\Java\jdk-12.0.2\bin\javaw.exe
0x00007ff9fe3e0000 - 0x00007ff9fe5cd000 	C:\Windows\SYSTEM32\ntdll.dll
0x00007ff9fc310000 - 0x00007ff9fc3c3000 	C:\Windows\System32\KERNEL32.DLL
0x00007ff9fa700000 - 0x00007ff9fa995000 	C:\Windows\System32\KERNELBASE.dll
0x00007ff9fabe0000 - 0x00007ff9facda000 	C:\Windows\System32\ucrtbase.dll
0x00007ff9eb960000 - 0x00007ff9eb976000 	C:\Program Files\Java\jdk-12.0.2\bin\VCRUNTIME140.dll
0x00007ff9eb980000 - 0x00007ff9eb998000 	C:\Program Files\Java\jdk-12.0.2\bin\jli.dll
0x00007ff9fc090000 - 0x00007ff9fc133000 	C:\Windows\System32\ADVAPI32.dll
0x00007ff9fc3d0000 - 0x00007ff9fc46e000 	C:\Windows\System32\msvcrt.dll
0x00007ff9fb600000 - 0x00007ff9fb69e000 	C:\Windows\System32\sechost.dll
0x00007ff9fc910000 - 0x00007ff9fca32000 	C:\Windows\System32\RPCRT4.dll
0x00007ff9fc5e0000 - 0x00007ff9fc777000 	C:\Windows\System32\USER32.dll
0x00007ff9e7440000 - 0x00007ff9e76b9000 	C:\Windows\WinSxS\amd64_microsoft.windows.common-controls_6595b64144ccf1df_6.0.17763.1217_none_de6e4304534e0ad3\COMCTL32.dll
0x00007ff9fabc0000 - 0x00007ff9fabe0000 	C:\Windows\System32\win32u.dll
0x00007ff9fe080000 - 0x00007ff9fe3ac000 	C:\Windows\System32\combase.dll
0x00007ff9fc780000 - 0x00007ff9fc7a9000 	C:\Windows\System32\GDI32.dll
0x00007ff9faa20000 - 0x00007ff9fabb9000 	C:\Windows\System32\gdi32full.dll
0x00007ff9fa4a0000 - 0x00007ff9fa51e000 	C:\Windows\System32\bcryptPrimitives.dll
0x00007ff9fb560000 - 0x00007ff9fb600000 	C:\Windows\System32\msvcp_win.dll
0x00007ff9f1a40000 - 0x00007ff9f1a4a000 	C:\Windows\SYSTEM32\VERSION.dll
0x00007ff9fe050000 - 0x00007ff9fe07e000 	C:\Windows\System32\IMM32.DLL
0x00007ff9d68c0000 - 0x00007ff9d696a000 	C:\Program Files\Java\jdk-12.0.2\bin\msvcp140.dll
0x00007ff9ada80000 - 0x00007ff9ae5f7000 	C:\Program Files\Java\jdk-12.0.2\bin\server\jvm.dll
0x00007ff9fc140000 - 0x00007ff9fc148000 	C:\Windows\System32\PSAPI.DLL
0x00007ff9d13e0000 - 0x00007ff9d13e9000 	C:\Windows\SYSTEM32\WSOCK32.dll
0x00007ff9f8110000 - 0x00007ff9f8134000 	C:\Windows\SYSTEM32\WINMM.dll
0x00007ff9fbeb0000 - 0x00007ff9fbf1d000 	C:\Windows\System32\WS2_32.dll
0x00007ff9f7ff0000 - 0x00007ff9f801d000 	C:\Windows\SYSTEM32\WINMMBASE.dll
0x00007ff9fa9a0000 - 0x00007ff9fa9ea000 	C:\Windows\System32\cfgmgr32.dll
0x00007ff9fa3d0000 - 0x00007ff9fa3e1000 	C:\Windows\System32\kernel.appcore.dll
0x00007ff9ae970000 - 0x00007ff9ae981000 	C:\Program Files\Java\jdk-12.0.2\bin\verify.dll
0x00007ff9f8ca0000 - 0x00007ff9f8e8d000 	C:\Windows\SYSTEM32\DBGHELP.DLL
0x00007ff9e0fc0000 - 0x00007ff9e0fea000 	C:\Windows\SYSTEM32\dbgcore.DLL
0x00007ff9ada50000 - 0x00007ff9ada76000 	C:\Program Files\Java\jdk-12.0.2\bin\java.dll
0x00007ff9ada30000 - 0x00007ff9ada47000 	C:\Program Files\Java\jdk-12.0.2\bin\zip.dll
0x00007ff9ae960000 - 0x00007ff9ae96a000 	C:\Program Files\Java\jdk-12.0.2\bin\jimage.dll
0x00007ff9fca40000 - 0x00007ff9fdf34000 	C:\Windows\System32\SHELL32.dll
0x00007ff9fdfa0000 - 0x00007ff9fe048000 	C:\Windows\System32\shcore.dll
0x00007ff9fad00000 - 0x00007ff9fb44e000 	C:\Windows\System32\windows.storage.dll
0x00007ff9fa410000 - 0x00007ff9fa434000 	C:\Windows\System32\profapi.dll
0x00007ff9fa440000 - 0x00007ff9fa49d000 	C:\Windows\System32\powrprof.dll
0x00007ff9fdf40000 - 0x00007ff9fdf92000 	C:\Windows\System32\shlwapi.dll
0x00007ff9face0000 - 0x00007ff9facf7000 	C:\Windows\System32\cryptsp.dll
0x00007ff9ceb80000 - 0x00007ff9ced1f000 	C:\Program Files\Java\jdk-12.0.2\bin\awt.dll
0x00007ff9fc510000 - 0x00007ff9fc5d4000 	C:\Windows\System32\OLEAUT32.dll
0x00007ff9f73d0000 - 0x00007ff9f798e000 	C:\Windows\SYSTEM32\d2d1.dll
0x00007ff9f8290000 - 0x00007ff9f831c000 	C:\Windows\SYSTEM32\apphelp.dll
0x00007ff9f8520000 - 0x00007ff9f85bc000 	C:\Windows\system32\uxtheme.dll
0x00007ff9fbf20000 - 0x00007ff9fc08c000 	C:\Windows\System32\MSCTF.dll
0x00007ff9f8830000 - 0x00007ff9f885e000 	C:\Windows\system32\dwmapi.dll
0x00007ff9fa520000 - 0x00007ff9fa6fc000 	C:\Windows\System32\CRYPT32.dll
0x00007ff9fa3f0000 - 0x00007ff9fa402000 	C:\Windows\System32\MSASN1.dll
0x00007ff9fc7b0000 - 0x00007ff9fc905000 	C:\Windows\System32\ole32.dll
0x00007ff9c4380000 - 0x00007ff9c44a7000 	C:\Windows\system32\opengl32.dll
0x00007ff9c4350000 - 0x00007ff9c437c000 	C:\Windows\SYSTEM32\GLU32.dll
0x00007ff9d0270000 - 0x00007ff9d02f0000 	C:\Program Files\Java\jdk-12.0.2\bin\freetype.dll
0x00007ff9d0170000 - 0x00007ff9d021b000 	C:\Program Files\Java\jdk-12.0.2\bin\fontmanager.dll
0x00007ff9ea380000 - 0x00007ff9ea415000 	C:\Windows\System32\TextInputFramework.dll
0x00007ff9f53e0000 - 0x00007ff9f5702000 	C:\Windows\System32\CoreUIComponents.dll
0x00007ff9f7ec0000 - 0x00007ff9f7fa2000 	C:\Windows\System32\CoreMessaging.dll
0x00007ff9f9440000 - 0x00007ff9f9471000 	C:\Windows\SYSTEM32\ntmarta.dll
0x00007ff9f5980000 - 0x00007ff9f5ad3000 	C:\Windows\SYSTEM32\wintypes.dll

dbghelp: loaded successfully - version: 4.0.5 - missing functions: none
symbol engine: initialized successfully - sym options: 0x614 - pdb path: .;C:\Program Files\Java\jdk-12.0.2\bin;C:\Windows\SYSTEM32;C:\Windows\WinSxS\amd64_microsoft.windows.common-controls_6595b64144ccf1df_6.0.17763.1217_none_de6e4304534e0ad3;C:\Program Files\Java\jdk-12.0.2\bin\server

VM Arguments:
jvm_args: -Dfile.encoding=Cp1252 
java_command: main.Screen
java_class_path (initial): C:\Users\alexa\eclipse-workspace\Gravity_remake\bin
Launcher Type: SUN_STANDARD

[Global flags]
     intx CICompilerCount                          = 4                                         {product} {ergonomic}
     uint ConcGCThreads                            = 2                                         {product} {ergonomic}
     uint G1ConcRefinementThreads                  = 8                                         {product} {ergonomic}
   size_t G1HeapRegionSize                         = 1048576                                   {product} {ergonomic}
    uintx GCDrainStackTargetSize                   = 64                                        {product} {ergonomic}
   size_t InitialHeapSize                          = 132120576                                 {product} {ergonomic}
   size_t MarkStackSize                            = 4194304                                   {product} {ergonomic}
   size_t MaxHeapSize                              = 2107637760                                {product} {ergonomic}
   size_t MaxNewSize                               = 1264582656                                {product} {ergonomic}
   size_t MinHeapDeltaBytes                        = 1048576                                   {product} {ergonomic}
    uintx NonNMethodCodeHeapSize                   = 5836300                                {pd product} {ergonomic}
    uintx NonProfiledCodeHeapSize                  = 122910970                              {pd product} {ergonomic}
    uintx ProfiledCodeHeapSize                     = 122910970                              {pd product} {ergonomic}
    uintx ReservedCodeCacheSize                    = 251658240                              {pd product} {ergonomic}
     bool SegmentedCodeCache                       = true                                      {product} {ergonomic}
     bool UseCompressedClassPointers               = true                                 {lp64_product} {ergonomic}
     bool UseCompressedOops                        = true                                 {lp64_product} {ergonomic}
     bool UseG1GC                                  = true                                      {product} {ergonomic}
     bool UseLargePagesIndividualAllocation        = false                                  {pd product} {ergonomic}

Logging:
Log output configuration:
 #0: stdout all=warning uptime,level,tags
 #1: stderr all=off uptime,level,tags

Environment Variables:
PATH=C:/Program Files/Java/jdk-12.0.2/bin/server;C:/Program Files/Java/jdk-12.0.2/bin;C:\Program Files (x86)\Common Files\Oracle\Java\javapath;C:\Windows\system32;C:\Windows;C:\Windows\System32\Wbem;C:\Windows\System32\WindowsPowerShell\v1.0\;C:\Windows\System32\OpenSSH\;C:\Program Files (x86)\NVIDIA Corporation\PhysX\Common;C:\Program Files\NVIDIA Corporation\NVIDIA NvDLISR;C:\Program Files\dotnet\;C:\Program Files\nodejs\;C:\Program Files (x86)\Yarn\bin\;C:\Program Files\PuTTY\;C:\Users\alexa\AppData\Local\Programs\Python\Python37\Scripts\;C:\Users\alexa\AppData\Local\Programs\Python\Python37\;C:\Users\alexa\AppData\Local\Microsoft\WindowsApps;C:\Users\alexa\AppData\Local\GitHubDesktop\bin;C:\Users\alexa\AppData\Local\atom\bin;C:\Users\alexa\AppData\Roaming\npm;C:\Users\alexa\AppData\Local\Programs\Microsoft VS Code\bin;C:\Users\alexa\AppData\Local\Yarn\bin;C:\Program Files (x86)\FAHClient;C:\Users\alexa\OneDrive\Desktop;
USERNAME=alexa
OS=Windows_NT
PROCESSOR_IDENTIFIER=Intel64 Family 6 Model 142 Stepping 11, GenuineIntel



---------------  S Y S T E M  ---------------

OS: Windows 10 , 64 bit Build 17763 (10.0.17763.1158)

CPU:total 8 (initial active 8) (4 cores per cpu, 2 threads per core) family 6 model 142 stepping 11, cmov, cx8, fxsr, mmx, sse, sse2, sse3, ssse3, sse4.1, sse4.2, popcnt, avx, avx2, aes, clmul, erms, 3dnowpref, lzcnt, ht, tsc, tscinvbit, bmi1, bmi2, adx, fma

Memory: 4k page, system-wide physical 8039M (313M free)
TotalPageFile size 32615M (AvailPageFile size 38M)
current process WorkingSet (physical memory assigned to process): 16M, peak: 106M
current process commit charge ("private bytes"): 210M, peak: 216M

vm_info: Java HotSpot(TM) 64-Bit Server VM (12.0.2+10) for windows-amd64 JRE (12.0.2+10), built on Jul 16 2019 01:56:17 by "mach5one" with MS VC++ 15.5 (VS2017)

END.
